Read 2000 bodies from file dataset_2d/bodies_2d_2000.csv
Using 2 MPI processes
Using Euler integration method

Initial state:
ID	Mass		Pos_X		Pos_Y		Vel_X		Vel_Y
---------------------------------------------------------------
0	45.24		-54.54		-32.58		-4.68		-8.78
1	64.54		88.14		-56.70		-7.45		9.26
2	29.92		49.91		55.81		3.91		3.11
3	14.50		-2.64		-24.34		-6.34		1.17
4	42.52		12.61		43.83		-4.66		8.09
5	95.87		-7.83		-4.33		-0.97		-9.28
6	79.36		-67.35		-33.36		-9.37		2.42
7	16.86		9.98		-44.56		-5.59		-3.04
8	10.92		-8.03		80.20		9.53		5.96
9	58.73		-58.10		65.06		8.70		-5.73
10	36.64		33.67		-87.00		-0.10		1.14
11	81.36		-61.93		-2.36		-4.16		-1.69
12	23.94		-56.39		-7.26		0.36		6.94
13	72.66		46.30		-6.74		1.79		-4.54
14	36.49		54.91		-58.84		-3.53		-4.12
15	46.22		92.85		91.41		4.19		-2.85
16	53.31		-94.05		39.15		5.71		-9.59
17	73.39		-71.76		-41.48		-5.39		0.33
18	90.12		53.22		12.32		3.70		1.46
19	76.28		-92.08		-44.10		7.07		-6.20
20	49.20		-9.49		-78.41		-9.95		-6.72
21	70.94		-96.18		-60.38		5.28		-6.61
22	66.62		3.46		-29.73		-0.47		1.26
23	6.11		89.27		-99.69		9.30		-4.89
24	23.08		83.99		70.75		-3.49		8.25
25	41.17		-98.41		-31.33		4.52		0.27
26	97.18		-83.73		-32.78		7.95		2.90
27	86.72		39.26		3.74		4.38		4.62
28	26.87		-32.33		-49.98		9.18		8.12
29	81.19		-55.40		84.41		2.58		-2.69
30	64.52		-68.74		13.14		3.66		3.92
31	3.95		55.82		65.89		-9.20		9.06
32	85.90		-47.31		-79.87		-1.90		1.94
33	42.45		10.79		38.83		-8.55		6.25
34	18.19		-35.54		-98.61		1.07		-9.35
35	65.38		93.33		27.94		-0.55		-9.66
36	19.80		85.94		80.80		-5.54		0.77
37	25.33		53.74		12.51		9.30		-1.17
38	14.13		-38.06		58.25		-1.00		6.74
39	51.23		-25.54		4.03		9.11		3.34
40	5.13		8.15		32.87		0.01		-3.39
41	92.95		71.49		7.98		5.39		-8.81
42	81.40		-46.72		-26.58		-8.59		-9.81
43	87.91		-92.88		-7.34		8.68		-6.64
44	43.05		66.02		14.18		9.22		-5.05
45	38.74		23.41		73.23		8.70		0.87
46	27.63		46.57		-96.73		3.33		1.93
47	6.23		-25.23		-26.21		8.47		-4.40
48	37.61		66.61		-66.51		-9.60		0.42
49	19.41		-38.60		-99.94		-3.96		-9.42
50	71.00		-7.98		-93.21		7.77		9.84
51	40.94		28.94		-4.47		0.91		-8.52
52	29.05		-17.52		-26.90		9.10		-9.89
53	76.40		8.62		-20.94		-4.60		6.08
54	24.81		-54.89		34.42		-10.00		-1.12
55	15.49		18.23		3.74		4.58		-5.67
56	87.55		85.16		71.60		0.69		5.96
57	86.88		52.59		-64.74		-8.33		-3.05
58	49.48		23.52		38.09		5.26		5.21
59	72.25		-39.82		64.49		5.56		-0.50
60	14.00		-28.36		-3.56		-9.35		6.80
61	57.70		-8.51		-89.33		7.42		-9.27
62	99.13		-82.64		80.45		-1.08		-8.27
63	83.15		-44.89		62.80		2.42		7.20
64	65.95		22.26		48.00		-9.40		9.59
65	9.96		-77.50		-6.65		1.01		-7.73
66	3.30		68.71		-92.62		-4.62		-6.55
67	50.46		4.42		81.84		4.35		-1.38
68	50.36		58.35		36.17		-2.05		-5.36
69	90.12		-52.74		77.25		9.90		-5.32
70	12.75		-86.39		-84.13		6.43		7.82
71	18.90		-39.96		-40.14		-9.88		-7.03
72	20.72		28.40		95.76		-0.73		-8.73
73	97.22		55.05		50.91		0.94		4.65
74	24.31		-40.04		88.37		7.44		-1.17
75	39.01		80.13		31.68		4.42		6.67
76	45.65		28.07		90.75		9.67		-8.58
77	97.44		63.04		-55.21		-8.77		-0.60
78	16.68		-37.33		-51.76		-1.15		0.45
79	13.27		95.43		-38.36		-2.26		-8.10
80	34.92		-87.78		13.09		-3.58		1.33
81	57.31		-49.45		-23.73		-0.66		1.73
82	71.48		-48.96		-84.84		7.80		4.54
83	86.65		-90.66		-95.43		3.92		-1.98
84	41.59		-13.25		6.72		0.33		8.13
85	92.76		-68.70		-32.90		-6.25		4.31
86	84.44		85.45		56.94		0.89		-0.80
87	93.65		1.18		88.28		1.89		-7.00
88	32.98		-84.24		2.29		8.85		-2.09
89	50.68		-49.62		-96.55		-5.71		-6.91
90	40.77		20.13		-81.90		6.68		3.97
91	66.40		-58.18		85.53		-4.03		-6.95
92	50.16		51.30		-77.13		1.97		-4.60
93	45.36		-8.91		-33.05		1.17		-5.79
94	14.72		5.25		-99.90		4.43		8.34
95	50.60		-27.07		-49.79		-4.09		-8.35
96	78.23		-25.91		33.59		-0.15		1.12
97	77.06		-65.93		76.73		-1.15		6.84
98	63.39		-22.26		68.25		8.07		1.06
99	62.63		-70.32		57.51		-6.44		-7.44
100	82.68		-57.05		-85.13		5.52		-4.38
101	42.32		-60.03		-17.48		-9.95		4.07
102	6.99		-85.00		-13.25		0.38		7.49
103	29.57		23.02		70.77		9.58		-9.98
104	29.22		-53.69		-75.84		-7.47		7.95
105	37.00		97.22		-87.97		0.85		-9.96
106	93.92		-10.60		-13.99		-2.20		4.10
107	88.04		86.02		-11.96		-4.60		8.02
108	52.35		74.34		76.14		4.10		4.62
109	93.92		-60.41		-68.39		8.28		-2.12
110	2.56		31.54		-2.17		-7.54		4.49
111	83.61		-60.92		54.73		-7.74		-7.19
112	82.50		53.51		33.54		-3.24		-1.40
113	62.68		-52.25		15.27		0.83		9.86
114	84.00		72.19		-41.95		-6.71		0.84
115	5.61		76.25		93.95		-2.59		9.75
116	40.66		86.98		96.51		6.87		9.98
117	47.19		24.14		-38.76		7.08		3.57
118	70.25		54.71		-31.21		7.79		-9.90
119	27.24		3.25		18.58		9.23		-1.08
120	81.54		63.71		61.73		-2.45		5.86
121	78.05		58.21		54.35		-4.65		-3.55
122	52.40		31.34		92.48		7.25		-6.69
123	72.35		20.15		23.40		-8.36		-2.22
124	91.12		-70.18		-87.60		-0.49		-2.50
125	49.50		-4.06		73.74		6.70		7.98
126	6.17		23.48		95.67		7.73		4.23
127	60.52		47.56		55.38		-3.87		7.76
128	52.63		-35.41		-18.38		5.14		8.57
129	4.78		47.03		3.32		6.60		4.86
130	91.92		-30.34		-24.95		-8.22		9.10
131	91.29		-17.55		-84.96		-9.50		9.40
132	49.94		31.96		87.45		-4.88		1.84
133	16.16		18.15		-16.23		-4.10		9.54
134	78.27		87.77		36.51		2.81		1.00
135	11.18		-41.74		-84.61		6.44		-4.90
136	7.91		48.30		-2.59		-2.11		-0.03
137	52.32		4.00		90.92		2.16		-4.75
138	4.13		59.62		16.94		-3.20		6.08
139	84.42		50.25		61.94		-6.35		-1.59
140	37.70		-77.66		7.28		1.54		2.24
141	23.14		28.36		-9.98		2.31		7.70
142	95.29		-10.70		-13.40		4.93		2.38
143	45.07		54.61		54.48		4.33		4.15
144	18.07		-87.91		87.75		2.72		-0.39
145	10.75		-30.23		-30.61		-4.53		5.71
146	40.59		82.44		-1.65		-3.47		3.56
147	80.02		-16.79		63.03		1.89		-9.69
148	74.19		58.24		-44.16		-1.29		-8.15
149	3.40		-74.78		46.31		5.94		7.15
150	87.42		-38.06		20.89		-6.67		-6.50
151	11.88		0.22		-92.56		-4.25		0.95
152	82.16		72.19		-58.50		9.92		-7.85
153	19.40		61.66		1.45		0.68		6.62
154	90.57		-83.68		-26.29		1.73		-3.97
155	70.89		-75.04		-40.61		-4.05		2.30
156	18.54		36.27		-2.36		8.47		5.48
157	37.85		7.95		21.61		-6.79		-7.88
158	39.67		-90.37		56.47		1.60		-9.85
159	10.51		-75.99		-55.14		-5.87		-6.43
160	29.61		68.06		-74.03		2.16		0.34
161	43.00		-89.83		-44.69		9.35		5.73
162	79.50		-94.37		-60.39		9.36		9.64
163	26.11		-58.42		64.03		-4.80		-8.14
164	35.11		-52.41		99.18		5.75		7.93
165	73.65		70.73		63.40		4.28		4.57
166	71.56		96.90		52.14		3.15		7.33
167	34.15		-14.73		68.70		4.84		-2.58
168	50.74		88.61		-15.42		-7.48		9.64
169	12.30		-34.96		7.86		5.97		0.95
170	82.47		33.90		88.55		-2.94		-5.68
171	13.26		-30.22		-24.47		-5.10		-7.91
172	15.88		-7.73		39.52		-4.62		-5.70
173	50.41		76.07		-58.70		-2.71		-5.96
174	15.68		-84.62		25.76		2.32		9.27
175	34.66		38.32		-61.54		-1.42		4.79
176	89.64		28.39		34.85		-4.51		7.28
177	27.41		-36.22		-80.14		-1.94		7.86
178	89.45		-68.11		75.88		-1.66		5.06
179	64.65		-4.25		-0.54		-1.53		-8.41
180	6.47		65.16		10.54		-8.02		-0.84
181	53.34		-32.27		72.10		-7.50		-8.75
182	54.36		-80.17		0.44		-2.61		9.32
183	7.50		-7.40		79.40		-9.61		7.37
184	56.40		80.03		-82.81		1.90		7.57
185	71.43		68.62		-86.45		9.40		4.92
186	59.59		-20.85		-25.78		-3.39		-6.78
187	95.99		-16.06		-20.86		1.23		-2.79
188	98.81		-81.23		30.52		4.70		6.63
189	94.43		96.41		-32.11		1.69		3.21
190	56.47		71.51		17.04		2.85		-4.13
191	52.41		-56.19		78.94		-5.47		-7.21
192	3.10		-55.56		17.16		-0.36		-1.73
193	7.31		34.29		-58.96		2.38		-2.50
194	97.62		-27.37		27.65		-7.04		-9.72
195	19.97		-49.85		-48.19		9.57		-1.15
196	22.60		95.35		-47.98		-0.84		-6.59
197	43.69		-8.00		-76.17		-6.75		6.53
198	1.36		-53.26		-4.76		4.22		-1.42
199	76.32		70.95		40.93		-9.33		-2.03
200	70.76		91.32		-36.14		-3.17		-4.20
201	31.06		16.99		94.11		-2.97		-3.83
202	88.92		-34.72		-9.16		5.35		-9.42
203	59.62		-22.43		89.53		8.45		1.34
204	7.95		63.37		-58.65		7.80		-7.53
205	22.88		83.95		66.83		-2.95		0.39
206	33.34		89.83		53.24		7.98		-1.29
207	59.47		-15.26		96.90		7.82		-3.01
208	15.52		-12.91		-69.17		-5.28		7.91
209	33.99		44.77		20.24		1.86		8.51
210	1.94		15.41		70.24		-2.26		-9.52
211	68.26		-76.83		-20.69		6.69		2.44
212	82.03		86.11		29.92		-3.82		-9.05
213	86.48		19.55		22.43		8.27		6.21
214	95.46		-39.89		-74.83		6.20		-8.51
215	26.27		41.74		-5.63		4.60		5.26
216	70.38		66.52		55.66		0.10		-5.36
217	77.65		95.19		66.78		8.48		1.16
218	88.46		66.65		-1.28		-1.25		-6.93
219	34.14		5.65		-36.21		-5.32		6.74
220	57.79		77.16		-78.53		-7.08		6.16
221	82.73		-98.54		13.66		-0.15		3.12
222	62.62		-19.81		58.78		9.72		-0.80
223	43.11		2.69		2.33		9.09		-5.18
224	19.11		-36.11		95.86		1.45		-3.88
225	11.72		-55.51		-16.38		0.78		9.68
226	37.65		-53.16		-76.68		-1.37		-6.13
227	32.84		90.59		-60.54		9.41		2.36
228	30.44		-60.37		21.44		-2.05		5.12
229	59.84		81.80		42.11		2.66		1.29
230	56.18		71.04		6.98		-3.44		2.22
231	29.38		-88.12		-73.46		0.59		-9.68
232	57.28		79.77		-22.67		-5.64		2.34
233	61.38		-46.71		70.69		2.88		1.04
234	24.81		-21.84		40.36		0.06		6.22
235	75.47		68.77		73.04		-9.24		-0.23
236	87.10		-9.84		-26.55		1.22		8.20
237	5.84		-41.01		-66.20		6.30		-2.85
238	35.27		-55.20		22.57		0.20		2.79
239	2.42		-92.14		60.42		-4.00		-5.09
240	43.22		8.92		28.50		9.00		5.81
241	95.01		-21.58		-6.35		5.80		-6.12
242	51.40		-46.48		22.24		9.20		-9.18
243	55.41		-70.23		61.12		-3.45		-2.31
244	48.71		-9.07		-31.55		-3.65		-7.20
245	29.01		-62.38		-52.78		-3.32		-8.90
246	6.44		68.40		45.28		-4.36		-0.49
247	28.96		51.18		74.76		-5.03		7.88
248	59.07		-89.54		-93.49		-5.14		-0.89
249	51.88		19.74		-78.27		0.44		-5.87
250	98.73		-34.87		-94.16		7.20		-9.90
251	66.54		28.71		96.63		7.32		0.35
252	31.99		27.75		13.88		2.07		-4.47
253	70.05		98.05		26.75		-9.50		-9.78
254	19.50		26.80		69.45		-9.67		-0.39
255	24.02		24.44		-88.04		-6.21		1.29
256	59.63		-31.02		-17.98		-6.26		-2.82
257	27.39		46.82		-50.42		-7.03		7.77
258	61.55		27.48		0.51		9.51		-0.62
259	57.50		-77.94		76.12		9.57		-7.01
260	10.93		-24.68		93.72		-1.59		-0.65
261	75.52		-12.35		-10.87		2.30		-9.62
262	33.70		-44.33		66.76		3.36		8.98
263	29.21		-24.39		-84.93		1.92		5.88
264	71.11		15.66		87.28		2.27		6.77
265	21.72		46.39		-2.53		0.32		5.00
266	67.38		20.63		-86.19		3.10		6.66
267	45.67		35.05		51.96		-5.76		4.59
268	23.83		95.26		-77.19		-0.10		-2.27
269	76.19		92.75		82.46		2.54		7.09
270	50.92		-39.22		78.52		-8.46		-6.04
271	3.58		-7.05		-49.00		7.44		1.28
272	11.36		1.92		-95.34		-1.67		-1.47
273	4.11		-77.73		44.11		6.31		-6.06
274	68.44		-17.96		78.96		-0.30		0.19
275	70.50		-91.53		-94.57		-5.46		1.41
276	1.82		14.85		-34.49		-0.09		3.00
277	13.32		15.30		-65.87		-6.85		-4.81
278	85.19		-82.00		-63.53		4.85		8.06
279	90.14		-64.75		-90.06		8.35		1.68
280	34.40		-43.79		-19.28		-1.88		5.99
281	53.92		-40.54		-76.46		-7.90		6.89
282	4.19		85.78		97.66		8.49		2.37
283	35.49		7.71		41.03		0.53		-3.73
284	28.27		43.86		-82.83		-2.99		9.34
285	93.30		-52.62		-38.17		-1.03		4.10
286	14.05		37.22		-54.49		-4.99		-3.51
287	46.96		76.88		-11.99		7.59		1.57
288	97.70		-20.54		67.52		5.27		5.01
289	97.64		8.14		-53.51		5.21		-0.93
290	90.75		86.36		-89.95		2.16		-7.00
291	88.26		27.00		-2.89		-4.70		-6.17
292	26.61		69.29		8.74		6.12		9.50
293	86.54		96.90		29.38		5.18		4.76
294	37.31		59.14		-41.61		-4.27		-8.43
295	75.63		62.41		38.45		-9.01		-9.04
296	1.24		-66.10		-37.38		-1.80		1.97
297	82.52		-11.14		-63.14		-2.07		-0.57
298	29.67		38.15		79.25		-1.54		7.96
299	82.11		30.38		-0.74		4.64		-2.95
300	93.90		22.61		-66.44		-4.46		-6.62
301	6.41		34.06		-29.75		-8.91		-2.55
302	40.65		44.92		-99.18		0.64		0.47
303	88.28		81.87		31.93		-3.90		-8.69
304	35.98		38.03		34.28		8.65		-7.55
305	80.91		57.84		64.07		3.70		7.27
306	5.09		-65.77		26.32		-0.97		-8.95
307	92.59		57.84		-52.60		-1.00		-2.45
308	6.61		-11.73		35.91		-3.02		-2.45
309	58.67		75.89		-53.68		-5.09		8.51
310	9.79		66.96		57.22		4.56		-0.25
311	4.30		-89.03		76.96		-6.92		0.25
312	27.47		36.97		-80.59		2.80		7.85
313	98.60		95.15		-10.06		6.13		-7.27
314	91.97		70.63		86.02		-6.79		4.63
315	29.17		88.25		79.94		-1.48		9.25
316	29.46		-73.54		67.19		-4.25		7.34
317	40.55		-7.23		79.91		0.70		7.30
318	57.49		71.95		78.98		-8.25		4.51
319	15.36		24.48		67.87		3.64		6.81
320	63.31		-11.14		36.90		-2.97		1.14
321	41.42		53.04		53.77		0.34		5.82
322	49.86		37.70		-52.15		-1.06		-4.44
323	87.59		46.18		27.79		5.04		5.99
324	5.17		81.44		81.75		4.39		-7.49
325	21.11		25.69		-3.02		-1.75		0.12
326	89.83		46.31		-32.29		6.48		8.40
327	90.72		-54.48		62.17		-6.27		5.66
328	11.40		-32.12		-49.52		8.66		-0.60
329	20.87		-1.20		-43.60		-1.89		-7.57
330	58.12		-8.84		28.60		-8.25		-7.06
331	67.45		-74.02		-57.74		4.55		2.08
332	8.47		16.21		7.55		-5.98		1.98
333	43.12		-93.38		-0.40		-1.79		-3.36
334	73.58		-98.45		99.58		-0.41		-8.11
335	8.05		-79.22		-13.77		-9.29		-1.96
336	96.73		-48.95		56.00		7.77		-4.34
337	68.10		-97.49		-99.75		6.20		8.41
338	34.18		25.60		84.35		2.27		-3.52
339	26.38		82.98		-93.85		2.67		4.15
340	50.29		81.63		-70.53		0.00		-1.36
341	73.37		-17.96		-14.37		-7.98		6.68
342	86.23		-82.38		-86.70		0.30		-7.67
343	45.49		-29.33		40.95		-3.65		9.65
344	64.25		-35.44		-91.20		-6.48		-3.78
345	73.85		-38.08		-73.17		-4.26		1.90
346	98.24		-51.35		-97.45		-4.47		-3.48
347	5.71		-95.46		89.23		0.71		9.22
348	92.60		69.41		-24.52		3.49		7.91
349	91.87		-26.33		2.39		1.65		-3.03
350	11.25		-71.55		-33.59		-7.52		-3.07
351	10.85		-72.74		70.90		-8.80		-9.10
352	16.76		-24.11		9.08		-5.94		4.98
353	29.90		60.50		18.41		-6.99		5.16
354	83.50		-73.39		87.54		3.12		0.80
355	70.83		-23.70		60.69		4.03		-8.88
356	8.74		-93.60		-80.53		-2.03		7.47
357	18.23		-52.18		-26.75		-0.73		-4.33
358	58.07		32.37		-64.08		6.04		5.73
359	39.57		-85.49		59.37		1.65		4.52
360	10.78		9.32		-95.61		-9.89		2.81
361	48.96		26.82		-75.47		5.39		1.36
362	34.09		56.48		47.04		-3.03		-0.45
363	47.75		38.19		-98.33		-9.55		6.77
364	16.20		-83.48		25.68		8.47		-0.82
365	84.55		-72.54		86.10		-2.75		-9.29
366	40.35		35.32		84.55		2.20		-8.66
367	84.60		17.38		24.68		-3.74		5.97
368	65.47		9.00		-93.09		6.59		0.17
369	81.28		65.59		8.57		-8.31		-1.99
370	51.71		-96.22		-75.45		5.06		-8.68
371	13.91		-64.54		19.81		-2.29		-9.84
372	76.84		98.72		35.32		-3.02		-6.01
373	22.49		-30.44		-73.03		-0.03		8.26
374	24.67		-30.51		-70.46		8.29		8.77
375	64.57		-37.17		77.34		8.52		-0.47
376	32.42		54.42		14.26		-3.99		-1.70
377	48.10		-35.23		-65.97		-7.61		7.48
378	32.04		92.06		70.73		5.93		1.12
379	31.04		-48.08		94.70		-1.20		-2.56
380	4.60		-36.42		-54.64		-5.70		-5.04
381	81.01		37.25		-2.54		4.51		5.05
382	83.52		-83.64		-98.78		1.07		8.21
383	33.63		-40.44		-29.86		6.06		-7.45
384	98.53		-46.18		-76.54		-4.62		-6.55
385	93.34		9.63		59.70		5.99		-8.36
386	60.14		-75.86		31.74		-9.67		-8.54
387	85.03		66.81		50.52		-5.47		-3.10
388	71.98		84.39		-95.70		9.78		-8.83
389	4.99		-84.88		-70.50		-4.80		-9.21
390	40.10		-97.62		-57.14		3.07		1.73
391	78.25		91.28		84.85		-5.99		8.51
392	77.24		-30.82		83.48		-9.72		0.75
393	17.78		28.61		-29.64		-7.93		-7.22
394	60.81		98.73		87.20		-2.91		-1.12
395	49.26		-33.40		-78.33		7.81		-9.55
396	86.52		-55.74		-29.21		-3.77		8.79
397	77.88		-47.70		-81.21		9.39		-5.74
398	14.79		85.21		-13.07		1.81		4.23
399	88.81		-65.54		-93.46		-5.70		1.51
400	81.32		-82.02		-95.52		-9.42		-5.24
401	2.06		69.75		58.82		9.22		4.78
402	94.01		51.18		-68.71		-1.41		-2.83
403	99.59		-15.49		7.87		7.77		-3.82
404	15.65		16.28		77.79		4.54		5.72
405	36.27		-66.21		-12.77		-3.27		-6.19
406	40.59		82.10		2.63		9.12		-5.33
407	90.79		48.11		64.56		-6.58		-9.03
408	33.95		51.24		12.41		-9.42		6.10
409	41.51		-14.25		-99.41		6.34		1.64
410	72.86		-79.80		25.89		-1.29		5.86
411	15.60		19.37		-18.39		5.30		-8.61
412	77.37		-48.52		-34.41		6.33		9.07
413	52.15		-61.08		56.77		7.96		7.27
414	57.18		-51.90		39.22		-2.76		-3.16
415	56.67		48.83		90.69		-3.72		-6.19
416	40.39		89.93		60.26		-3.91		-2.68
417	53.01		-8.77		-66.93		-5.70		3.38
418	39.92		-30.71		-1.89		4.21		-7.53
419	51.10		-31.68		-44.78		-7.08		-1.65
420	16.61		-67.31		47.14		8.72		8.39
421	36.29		-62.96		-74.60		-0.37		-8.09
422	80.96		87.58		-82.90		-4.43		6.33
423	85.02		-30.53		-53.38		0.24		0.19
424	14.05		71.47		56.57		-7.73		6.69
425	60.12		69.80		-84.27		-1.43		-5.23
426	69.59		10.53		-53.11		-0.11		6.11
427	49.15		59.39		-84.22		-6.67		0.54
428	47.79		28.61		75.30		-7.14		-1.56
429	42.82		49.16		84.50		-1.25		5.10
430	87.94		4.09		12.97		-6.28		-1.25
431	92.08		-71.98		-51.82		9.75		1.20
432	43.90		-24.23		90.24		1.54		1.79
433	59.59		30.14		37.76		0.32		-5.90
434	86.02		42.07		5.85		-5.92		1.95
435	86.29		-66.21		26.60		1.91		-1.81
436	70.01		-57.67		-37.90		3.15		-9.27
437	58.38		75.91		73.07		-5.76		-8.54
438	40.44		50.21		-69.71		0.36		-9.79
439	29.20		40.69		78.74		-3.35		5.04
440	68.27		-51.95		90.74		1.88		0.32
441	12.05		-64.81		-24.36		6.26		-2.76
442	72.83		20.54		-23.03		-8.12		0.51
443	22.01		79.42		-21.02		-6.26		-1.81
444	42.65		-43.24		-43.50		-5.88		-8.97
445	8.99		-49.38		5.60		2.20		-9.93
446	66.30		69.74		-38.75		-8.29		9.09
447	92.47		4.83		-79.33		-5.06		3.53
448	72.05		94.47		-65.40		-3.33		-4.57
449	16.72		-49.67		-81.14		5.85		-3.30
450	34.85		-57.08		15.25		-2.47		-7.34
451	42.15		66.30		80.57		-1.12		-4.50
452	95.16		13.95		79.50		-8.87		-4.11
453	83.85		62.55		-35.79		-1.84		-9.04
454	94.50		-39.58		-37.93		-5.59		1.22
455	71.69		-30.80		-82.77		9.07		6.99
456	63.33		-81.93		33.15		3.20		-0.80
457	11.03		29.63		-7.27		7.61		3.38
458	7.47		-4.52		40.75		4.76		1.24
459	36.98		18.32		75.02		-6.78		3.85
460	41.47		-61.56		88.43		-3.40		9.24
461	69.21		34.41		82.62		-6.54		7.35
462	3.64		55.40		16.12		-2.25		6.97
463	63.64		37.25		50.81		0.60		3.17
464	92.77		31.35		6.30		-1.99		6.88
465	14.22		-70.97		-52.40		4.62		6.96
466	79.09		-17.58		-7.53		4.95		7.35
467	80.80		-97.18		94.36		-1.11		-9.65
468	34.82		-92.20		10.30		-1.88		3.72
469	93.25		18.78		5.00		3.61		-3.98
470	60.18		57.89		-2.24		-5.69		1.12
471	79.20		95.08		-40.34		8.61		-2.02
472	89.88		68.61		-64.20		9.10		-8.73
473	44.04		99.30		96.60		0.72		-7.02
474	27.07		-4.61		-86.16		-0.84		-1.74
475	62.18		-5.76		-27.97		2.19		8.06
476	46.94		-51.69		6.02		-2.29		3.84
477	42.17		6.52		-32.63		0.38		-4.99
478	18.04		-22.52		80.91		-4.72		8.83
479	40.93		47.15		-62.73		3.73		-9.38
480	68.07		95.24		91.98		4.06		-4.67
481	14.50		34.45		-90.68		-9.43		2.07
482	54.23		-69.79		-71.28		2.55		-4.80
483	58.45		-60.65		50.58		-8.03		1.54
484	68.47		-58.12		8.69		4.25		-8.28
485	27.52		65.70		16.48		-9.00		-3.31
486	31.02		-20.15		40.56		0.79		-0.90
487	30.78		52.20		-18.01		2.74		-0.59
488	16.42		-32.94		10.17		-2.58		8.60
489	4.90		26.01		-74.75		8.64		6.99
490	66.16		50.83		-38.20		7.02		1.82
491	14.02		-37.32		67.79		8.54		-4.87
492	30.58		-53.36		-38.07		4.28		-1.30
493	72.34		62.06		-16.21		-4.56		5.85
494	10.14		13.17		-52.96		-0.65		-9.32
495	49.56		-8.65		-35.01		-6.39		-0.62
496	69.46		19.75		-72.30		-5.95		2.33
497	21.69		-96.09		0.98		1.90		-7.38
498	82.29		90.60		48.39		3.00		2.74
499	84.98		69.25		-18.44		1.28		2.55
500	69.66		60.03		23.85		8.93		-7.72
501	75.91		70.65		48.47		-5.08		-8.29
502	65.49		37.37		10.55		1.03		-1.16
503	8.58		54.07		-92.85		8.17		7.22
504	12.22		-48.03		73.55		2.06		-9.44
505	88.09		-2.87		-61.11		-2.62		5.85
506	7.87		-57.59		61.60		4.27		2.23
507	27.51		31.29		96.93		-3.95		-1.07
508	15.57		78.67		-3.15		-6.87		4.57
509	53.67		68.99		-94.09		-9.94		0.29
510	37.35		-48.19		31.05		3.79		-3.04
511	88.98		29.77		96.59		-3.28		6.91
512	68.59		10.78		-52.49		-0.20		4.54
513	5.04		21.12		56.94		-6.34		3.89
514	30.70		-36.15		-51.56		8.77		-6.88
515	80.99		53.64		19.36		7.42		6.40
516	34.03		42.22		-61.28		9.85		7.32
517	31.86		-49.93		29.98		6.16		9.55
518	65.45		-66.29		-45.99		5.58		4.41
519	43.09		-6.41		-59.31		5.79		1.96
520	74.01		-3.51		-33.95		0.95		-2.39
521	85.84		-12.91		-0.77		-5.10		9.60
522	56.68		-98.55		69.08		5.79		-4.44
523	5.63		70.40		-24.34		-0.74		0.85
524	57.60		-54.77		-5.97		4.98		0.28
525	14.12		-57.71		-47.64		-2.88		2.28
526	35.97		93.05		69.18		1.92		8.06
527	74.46		-54.22		-77.25		0.70		-2.21
528	85.68		33.35		-91.28		-3.65		4.32
529	85.92		67.83		-74.10		-5.75		-0.50
530	73.45		-65.27		-49.32		-2.41		7.47
531	92.40		-34.52		-12.58		-6.62		5.25
532	26.65		-55.76		73.55		9.80		8.37
533	35.55		89.24		-36.84		9.53		-2.85
534	7.57		95.54		-88.01		-8.71		7.06
535	12.70		-20.76		-60.80		4.08		7.87
536	90.43		-89.84		-30.32		-2.64		9.17
537	20.55		85.08		-52.02		9.05		7.53
538	43.45		-1.16		71.74		1.16		-3.32
539	73.69		-69.29		-72.87		2.44		9.06
540	68.06		74.24		58.91		7.88		6.37
541	73.69		34.22		55.88		8.13		-3.89
542	40.27		48.80		63.36		7.99		0.79
543	24.18		24.93		69.64		9.76		8.87
544	68.77		-72.95		0.01		-1.76		5.06
545	31.21		2.64		-56.87		-8.89		3.93
546	3.49		96.53		-93.05		-1.22		1.36
547	64.90		-36.05		58.86		-8.32		-6.21
548	27.91		-71.65		-39.42		7.78		-7.08
549	87.08		49.31		38.56		-1.84		3.09
550	33.87		50.76		52.45		-7.80		4.86
551	90.20		-22.10		-1.31		3.09		-6.67
552	86.91		67.09		-65.77		6.68		-8.41
553	50.92		-61.23		-53.09		9.97		-3.86
554	71.32		-71.70		23.49		-0.18		9.72
555	56.94		-56.83		-34.00		6.16		8.91
556	56.87		76.47		-14.86		-1.72		-8.81
557	75.87		-23.57		-22.28		0.91		0.99
558	93.20		49.30		-88.93		8.18		5.52
559	48.85		0.16		-36.93		4.13		-8.38
560	9.78		73.40		80.66		6.55		8.49
561	31.77		95.44		-35.01		-0.93		9.32
562	61.84		-26.23		-94.75		2.25		-4.91
563	76.49		87.43		37.61		-4.46		1.22
564	61.78		34.84		-98.23		0.44		-0.73
565	67.08		-65.23		-83.34		-5.26		-8.28
566	81.14		-88.94		-60.56		1.38		-8.46
567	7.56		-35.65		-78.43		4.77		-6.35
568	98.74		86.64		-37.13		-4.87		0.46
569	24.21		-61.72		41.76		-1.00		1.71
570	96.95		10.15		99.69		-9.02		-1.80
571	41.21		45.03		-32.38		7.15		-8.42
572	10.53		-48.42		-13.45		-1.73		8.49
573	24.82		-47.31		-22.36		-4.80		-2.19
574	92.60		72.11		90.83		-2.66		-4.82
575	49.78		-46.26		64.24		3.31		7.76
576	96.36		24.83		43.91		-3.21		-0.27
577	8.20		45.81		83.50		5.33		-1.97
578	46.43		-31.25		50.80		-0.31		8.73
579	42.47		71.61		3.77		7.15		3.16
580	85.17		53.85		-14.49		5.79		-2.65
581	22.32		12.95		-48.97		-4.07		3.22
582	95.04		90.88		32.21		9.88		-9.90
583	36.31		95.82		-87.79		-9.34		-8.54
584	50.53		26.74		87.34		-0.28		9.04
585	66.34		-5.84		50.32		7.36		-8.75
586	82.37		62.09		75.03		-5.20		-9.00
587	89.89		40.69		-5.12		8.53		6.60
588	33.97		24.08		30.48		-3.73		-5.53
589	7.95		68.53		-51.28		2.00		6.14
590	52.53		-45.26		-29.59		8.12		5.38
591	49.88		87.69		-31.87		7.20		1.88
592	27.16		-22.21		78.76		6.39		-5.04
593	13.31		-58.98		-45.09		-7.21		-2.33
594	74.17		-46.39		-33.88		9.85		-2.94
595	73.24		-3.36		99.56		4.45		-0.62
596	34.48		7.35		-81.39		1.84		5.31
597	36.85		41.89		-77.30		-5.41		2.64
598	35.34		-39.60		80.90		-4.68		-3.71
599	74.17		-41.26		92.10		-4.98		3.18
600	32.77		24.46		-98.45		3.21		-1.25
601	38.47		-79.46		-52.68		-1.26		9.62
602	54.89		-50.79		-76.55		2.03		0.63
603	53.21		-80.64		-35.35		2.31		3.17
604	52.10		73.35		48.81		0.53		-0.71
605	37.92		16.56		-29.97		4.81		-7.03
606	37.89		-83.37		-34.55		8.39		7.84
607	17.79		-6.23		-84.53		-0.16		1.24
608	30.29		-50.34		23.29		8.73		-5.44
609	36.83		53.65		-36.83		0.44		5.97
610	9.55		-98.69		-73.53		7.73		-0.79
611	78.63		75.66		26.25		-5.64		5.64
612	50.24		-49.47		18.82		2.61		-2.18
613	76.76		-68.92		-80.27		-6.63		9.52
614	54.41		-93.56		-74.94		-3.11		1.87
615	85.76		-24.01		61.03		1.42		7.71
616	31.32		48.29		5.08		6.71		-9.55
617	95.71		2.56		-75.50		6.90		-8.52
618	20.53		98.39		-11.61		-3.49		0.88
619	96.13		77.78		-23.00		-7.77		0.98
620	63.69		-48.03		-88.60		-8.21		-8.93
621	30.76		-0.65		-94.58		5.10		1.68
622	62.31		-71.31		-20.02		6.84		-2.23
623	37.56		-5.76		-25.23		-7.91		-0.18
624	5.02		-58.54		-61.16		-4.70		5.57
625	37.72		71.79		79.56		-6.93		4.33
626	59.31		-53.98		-13.41		7.43		-7.76
627	73.47		93.44		60.57		-1.11		3.14
628	72.18		72.37		60.69		-5.23		-3.08
629	8.67		-18.28		-36.54		6.53		9.26
630	67.09		-54.05		85.92		-8.37		1.97
631	60.45		-42.38		-72.23		-0.39		-0.50
632	66.92		79.83		-24.89		-8.82		-8.64
633	56.04		-1.26		69.51		-4.26		7.69
634	41.90		80.40		-35.30		6.88		-4.32
635	76.07		83.09		-90.03		9.18		2.44
636	79.00		-32.68		66.47		1.12		-3.81
637	13.97		-72.42		72.09		-3.35		8.82
638	91.07		-63.27		94.37		1.38		-1.06
639	45.25		54.89		81.36		7.01		0.60
640	83.15		-2.11		-63.35		-9.82		5.26
641	11.29		61.48		-76.44		-8.93		-5.30
642	29.59		42.19		19.14		1.76		7.10
643	33.09		-23.78		-5.00		-1.35		3.35
644	74.03		-30.97		38.03		2.31		8.35
645	12.37		-18.26		-71.41		-4.07		1.08
646	34.02		96.63		86.73		-2.77		-7.99
647	76.35		-98.92		-72.72		-8.35		-2.36
648	59.62		53.66		-84.66		6.50		-3.99
649	39.16		78.38		-49.49		-8.80		-4.80
650	60.50		-30.22		-32.00		-5.60		-3.78
651	82.62		56.72		-3.91		-2.79		-0.13
652	23.73		-30.65		-82.20		0.69		-3.34
653	96.32		-33.79		77.82		1.21		-3.89
654	94.72		7.86		-80.10		7.68		-0.53
655	24.10		-23.85		86.86		6.11		-4.44
656	55.56		81.76		-77.86		0.40		4.53
657	68.50		40.46		17.38		-0.47		7.47
658	79.43		83.21		50.43		-1.45		2.48
659	88.43		-53.32		95.59		9.31		9.15
660	96.27		-10.92		-81.53		0.96		-2.77
661	55.26		58.58		-69.03		8.41		-2.10
662	41.14		53.43		-25.87		-3.39		-0.80
663	80.82		-45.36		55.18		4.00		-8.41
664	67.75		41.51		-92.70		9.12		9.86
665	76.04		-80.32		94.34		9.82		2.94
666	16.07		-98.01		-5.88		0.20		-1.79
667	47.50		-50.37		75.64		-7.72		-0.21
668	4.68		-86.26		-99.76		-8.53		0.68
669	53.19		57.75		9.48		-0.41		6.77
670	88.62		43.16		-75.78		-4.17		2.95
671	21.31		18.88		7.10		8.55		1.92
672	29.98		84.96		45.27		9.57		-1.21
673	30.54		-38.35		49.76		-2.57		-2.68
674	37.34		71.26		18.01		-6.62		-3.46
675	8.46		-46.68		-97.73		-2.59		6.86
676	49.47		40.56		-59.39		-4.90		-3.25
677	32.47		8.50		-18.94		9.65		-7.51
678	59.89		3.06		34.27		8.67		7.51
679	74.62		-92.56		-47.69		1.91		2.59
680	9.39		-61.32		63.23		9.62		5.55
681	10.18		89.69		24.49		0.72		6.34
682	16.01		52.53		-14.69		-3.19		9.68
683	21.29		78.95		-87.95		-2.57		6.50
684	9.03		-5.73		42.62		-3.50		5.30
685	13.41		-32.81		30.27		-5.84		9.04
686	54.73		-81.36		-10.67		4.58		-0.63
687	28.34		45.44		65.97		1.30		-2.06
688	39.37		28.61		64.62		8.59		-1.42
689	44.37		-29.36		93.16		9.49		9.42
690	34.62		-96.38		-38.43		9.09		6.76
691	22.68		64.27		-49.11		-9.13		9.51
692	59.10		-67.44		-27.87		9.59		1.27
693	77.72		56.45		59.32		8.28		-7.25
694	32.19		-16.94		74.70		-4.68		0.83
695	22.92		13.93		34.51		5.03		0.84
696	54.43		93.49		-39.33		8.62		3.81
697	17.82		33.49		59.43		-6.16		0.00
698	45.25		-20.23		-46.48		6.30		-5.40
699	37.24		50.47		-65.80		-8.80		-4.94
700	40.14		-46.70		36.53		-1.13		-9.11
701	59.15		75.98		-25.56		8.35		-0.65
702	66.98		42.90		42.88		9.44		-9.90
703	70.51		-3.44		-39.73		-3.12		5.08
704	59.07		-82.31		48.60		6.15		0.60
705	10.27		-67.01		-54.10		9.11		-7.52
706	69.34		-74.90		-73.41		7.31		-1.07
707	22.34		-88.83		43.70		-0.98		7.89
708	91.79		-86.04		-69.87		-5.39		9.92
709	6.84		-5.38		28.99		-4.31		-1.26
710	34.97		59.36		-38.03		-2.82		-8.66
711	72.54		21.09		-29.47		8.36		4.24
712	15.93		-4.68		-25.69		2.75		-0.19
713	26.85		56.51		-67.91		9.28		-0.40
714	45.25		-70.05		89.43		2.55		-1.55
715	4.65		-62.17		52.40		7.46		-9.28
716	51.37		-43.00		-63.91		8.79		-1.05
717	92.18		33.26		-86.08		-0.75		6.19
718	1.63		-30.33		80.78		7.02		4.31
719	91.93		-19.28		7.88		7.07		-6.35
720	37.64		6.69		73.17		-4.24		-2.78
721	63.83		21.59		13.52		9.16		1.18
722	31.72		16.97		65.35		6.53		-4.25
723	57.07		-44.38		38.54		2.46		1.58
724	58.03		61.36		75.25		-8.65		-2.58
725	1.02		-46.19		-87.17		-5.05		-0.98
726	81.06		98.45		-83.55		-1.41		0.80
727	50.70		-65.05		-76.05		-6.67		7.32
728	58.91		-31.33		-31.61		9.13		-7.42
729	72.89		-57.05		25.83		9.26		-0.37
730	40.08		73.04		-30.88		-0.91		-6.95
731	46.38		-56.38		14.45		-3.30		4.80
732	52.89		-17.42		-82.05		-0.19		2.65
733	87.84		63.43		-40.34		-0.41		2.01
734	39.81		62.75		-78.16		3.08		-8.23
735	24.57		-45.57		64.38		3.75		-5.81
736	28.22		74.77		-92.37		-5.33		-4.98
737	43.01		59.33		-59.15		9.60		-3.56
738	92.28		52.18		-92.14		4.94		-7.00
739	90.12		-31.74		-75.49		7.28		2.27
740	38.85		-14.76		63.32		5.27		-9.92
741	80.73		-89.03		-65.02		0.80		1.71
742	45.43		-46.95		39.95		-7.90		-2.88
743	63.92		60.21		51.57		7.75		3.06
744	77.14		71.40		27.48		-8.44		-0.98
745	21.15		-97.24		-52.72		-7.35		-7.97
746	4.48		89.35		2.74		6.15		4.61
747	2.65		-33.60		-53.66		-2.51		2.85
748	10.26		-30.56		92.85		-2.40		-2.24
749	33.03		-76.48		-20.66		7.37		3.62
750	28.69		65.89		-27.48		9.54		-2.25
751	96.44		-72.25		-31.23		-8.46		1.84
752	59.79		-25.51		56.82		-7.87		-0.36
753	88.01		-42.26		-71.62		-2.83		-1.57
754	48.49		63.83		82.23		4.35		6.08
755	54.78		-78.88		92.54		8.21		-2.88
756	27.77		90.44		-93.72		-4.24		2.95
757	86.30		-20.94		-6.01		2.40		-2.90
758	48.39		10.10		-21.27		-7.02		3.91
759	77.75		72.92		18.36		3.16		-1.02
760	24.66		-97.45		-38.54		-6.81		3.43
761	3.96		94.59		-96.32		-7.79		9.78
762	87.55		49.25		-84.76		0.97		-9.33
763	38.64		-47.18		-79.69		7.23		-7.59
764	20.13		94.49		62.21		2.71		8.09
765	20.50		98.18		-53.78		7.88		6.54
766	83.38		-9.44		-21.08		-0.49		-9.87
767	90.75		27.19		2.42		-2.35		0.40
768	40.13		-27.30		-16.12		-7.94		5.03
769	13.49		-65.28		-55.38		-0.81		-1.66
770	52.44		60.30		-54.92		6.41		7.64
771	45.24		26.39		34.77		-1.48		2.95
772	59.79		-6.48		4.69		-2.21		5.87
773	58.81		-43.36		-40.29		-3.27		2.57
774	84.15		-84.60		31.77		-1.28		-3.49
775	21.63		37.14		18.70		9.14		-9.33
776	26.80		-46.41		-40.67		-8.19		0.77
777	22.42		-90.87		-98.04		5.33		4.38
778	33.26		20.67		16.13		-0.11		-8.49
779	26.39		77.74		-7.21		5.07		-2.38
780	15.31		-40.40		76.98		-6.80		1.63
781	18.69		94.52		21.82		-7.99		-6.36
782	93.43		-80.75		-84.31		-5.26		9.80
783	30.55		-2.84		-95.24		1.76		0.86
784	56.62		56.80		13.11		-7.73		-0.13
785	27.90		81.75		50.33		-3.96		-1.97
786	73.26		-11.93		71.93		1.59		6.60
787	69.96		84.67		-73.45		-3.75		-8.87
788	3.42		80.31		-61.73		7.07		0.65
789	14.35		17.71		96.23		2.18		-4.26
790	45.69		43.66		-68.11		-9.23		-5.37
791	38.23		89.65		-40.70		9.49		6.14
792	46.42		14.48		97.30		-7.57		4.03
793	23.23		-3.87		21.14		-4.89		9.43
794	22.93		-12.88		69.28		-6.33		-4.34
795	51.30		-20.30		-49.18		0.65		1.90
796	12.87		95.42		76.80		3.75		7.14
797	69.51		-63.88		4.14		7.82		7.57
798	88.82		69.40		-82.79		-2.53		0.47
799	69.03		20.14		-56.74		5.50		0.58
800	37.22		96.28		-85.83		7.29		7.19
801	47.26		41.31		36.33		1.25		3.95
802	86.41		21.68		44.23		1.22		2.85
803	70.76		18.90		-95.38		-3.95		8.41
804	52.65		-19.94		87.62		-8.24		6.41
805	71.70		73.75		-33.11		5.32		1.48
806	26.68		-76.34		84.64		3.73		-3.55
807	92.73		-40.97		53.84		1.63		-5.02
808	91.37		-33.45		41.19		-2.30		-7.53
809	48.78		94.03		-17.26		2.97		-1.15
810	52.64		-63.40		50.85		4.37		0.53
811	42.20		18.94		74.54		-7.11		3.64
812	78.50		-36.83		-99.74		1.72		-6.61
813	35.15		58.67		3.21		-7.50		-9.87
814	71.31		-7.78		-82.86		3.27		3.20
815	56.61		70.53		-49.80		-2.21		-9.41
816	1.96		-24.26		-47.86		2.94		4.42
817	44.92		70.22		13.83		-2.83		6.93
818	47.78		-89.95		-60.22		-6.97		-4.46
819	57.20		-84.41		-19.42		1.22		-4.72
820	30.76		82.82		-19.37		-0.61		-9.07
821	2.86		-57.47		-60.42		-5.95		-8.62
822	21.85		93.60		-4.63		8.42		7.28
823	64.22		97.95		64.91		8.82		-8.79
824	61.44		-99.29		57.88		-0.86		-7.44
825	67.32		7.59		-20.17		-0.78		1.83
826	64.71		-38.58		25.16		-0.21		0.99
827	74.80		-1.27		38.14		-4.48		-8.46
828	87.18		20.80		96.33		9.07		-8.42
829	33.70		-1.67		-14.99		4.81		1.91
830	63.64		-4.52		-29.30		4.29		0.47
831	47.15		39.96		-92.34		-9.53		-6.67
832	76.59		-57.12		-96.68		4.75		-7.60
833	87.48		-81.68		21.56		6.42		-5.82
834	11.47		19.18		45.53		0.21		-7.26
835	9.98		57.22		19.34		5.05		0.80
836	94.86		-0.11		-82.56		-9.17		3.69
837	82.27		-55.96		41.24		9.30		-8.31
838	32.09		9.17		-64.73		-7.90		-4.69
839	78.86		45.17		-3.38		-7.65		-9.81
840	20.04		65.20		53.17		6.90		-6.02
841	48.63		-90.87		-0.44		-5.58		-5.15
842	35.60		-40.52		56.82		-9.34		5.18
843	24.37		-86.42		-90.83		-8.98		6.48
844	76.50		34.89		8.96		9.79		-4.51
845	58.36		-92.15		48.46		4.21		9.75
846	57.43		67.25		2.32		-6.16		3.06
847	36.66		-55.81		-74.11		-3.03		2.56
848	52.11		-4.09		-74.60		-4.57		-2.86
849	40.82		92.51		-48.96		-0.79		-3.19
850	77.05		53.45		-82.11		-0.33		-8.49
851	38.90		-6.77		-87.70		-0.69		8.95
852	51.03		-97.03		17.82		-7.89		9.28
853	97.13		-76.01		2.78		5.41		5.65
854	74.51		89.99		80.31		-3.55		5.07
855	12.33		-33.39		12.14		-3.73		9.94
856	82.58		-34.40		-55.59		-3.98		-3.61
857	14.17		65.27		-46.58		-2.71		4.89
858	19.71		97.85		-95.74		-1.31		7.20
859	25.39		-89.84		-31.84		6.48		7.45
860	39.01		75.74		-62.84		8.58		5.67
861	81.23		-23.16		68.71		6.93		-0.76
862	11.80		24.44		71.99		-3.64		1.53
863	54.03		42.92		-73.46		-9.65		0.28
864	39.68		8.35		6.76		-2.60		2.68
865	92.26		-51.43		-2.28		8.95		1.36
866	92.16		-18.32		58.87		-5.67		-0.95
867	16.91		21.91		64.95		-7.24		-9.04
868	78.18		6.32		77.67		-4.38		7.34
869	47.67		-64.27		-39.45		0.66		6.02
870	10.85		-0.84		41.58		-5.56		5.62
871	32.20		-76.23		22.37		-8.83		-5.63
872	52.15		-98.34		-3.29		-5.97		-5.78
873	76.00		63.76		-42.37		-7.01		-7.26
874	25.48		-29.55		56.94		5.08		1.66
875	13.93		-55.01		-50.81		9.62		7.14
876	74.76		38.25		-40.22		-8.93		-8.86
877	86.21		-40.86		4.42		1.23		-3.70
878	27.61		-21.24		97.74		-0.17		-4.89
879	30.69		-18.24		61.77		1.21		9.22
880	99.24		78.73		55.25		-4.40		-5.76
881	49.92		-5.19		-74.18		9.95		1.48
882	59.96		86.68		-30.20		-6.57		-1.40
883	72.05		-58.06		-70.83		-4.19		6.97
884	89.76		-92.36		-8.42		7.45		3.03
885	78.73		-99.74		22.72		-7.88		7.09
886	68.72		91.43		-39.49		8.85		-5.56
887	24.87		12.95		4.02		3.50		-6.35
888	16.19		-65.24		82.55		3.44		7.72
889	58.16		13.50		-32.21		-1.13		0.26
890	36.91		99.37		60.85		-0.28		-3.84
891	67.11		88.15		42.51		-7.67		1.85
892	30.08		77.06		-39.29		9.22		7.50
893	59.45		-28.24		9.94		-7.72		-5.14
894	30.54		-85.09		45.66		4.36		-0.02
895	38.27		-15.37		70.94		8.28		2.22
896	9.38		40.51		-67.53		0.89		-1.54
897	6.67		78.42		96.88		-3.65		8.81
898	29.34		-84.44		64.61		-7.57		5.59
899	38.06		12.42		95.88		5.71		6.20
900	3.83		-2.58		-60.76		8.89		-1.08
901	31.67		3.44		-42.36		2.17		2.42
902	36.70		-36.50		-21.43		8.51		-2.53
903	47.97		94.23		57.42		1.38		-8.79
904	88.84		-12.59		84.81		-9.72		6.21
905	93.76		-44.58		60.54		9.25		3.04
906	76.34		77.05		-17.48		-5.82		-0.67
907	51.58		54.82		4.90		4.05		-1.16
908	29.76		-81.96		20.23		-4.90		-1.78
909	66.41		-87.10		52.22		-4.51		8.93
910	67.15		62.05		83.15		-6.99		-7.28
911	63.88		29.07		-28.55		-2.77		-6.32
912	13.64		57.88		8.83		-0.85		4.31
913	60.16		-18.28		-25.65		2.68		0.78
914	91.76		34.89		-39.42		3.99		-8.28
915	70.81		14.09		-61.16		6.25		-5.92
916	87.72		12.62		-46.70		-8.88		0.76
917	75.43		5.07		46.82		-0.69		-8.36
918	51.39		58.61		-73.49		-2.16		4.03
919	10.78		-32.03		-31.28		-6.18		3.95
920	16.70		-88.62		-90.07		-0.66		7.48
921	88.70		60.43		26.29		-2.37		5.30
922	84.76		-11.40		91.56		-8.44		9.46
923	86.77		-13.09		-20.65		-6.05		-7.82
924	32.16		80.69		88.62		7.12		-7.51
925	91.41		-24.84		51.27		-5.80		3.60
926	71.08		72.53		89.37		6.40		3.55
927	7.56		88.98		-79.07		7.22		-1.65
928	72.17		-51.37		-77.55		2.61		-4.59
929	13.74		-12.85		56.51		-2.06		-3.02
930	52.77		-54.67		-27.60		1.51		0.43
931	67.35		-85.82		-14.07		2.45		6.76
932	66.69		67.11		76.75		-8.31		7.61
933	89.02		-76.56		-74.59		7.33		8.17
934	39.63		-1.86		-24.58		7.36		-5.61
935	45.77		-6.10		84.27		-8.99		9.56
936	12.75		-70.72		24.35		-8.38		-1.55
937	23.14		43.36		70.16		-9.30		-2.48
938	28.82		82.30		-30.70		2.88		-7.13
939	96.01		89.95		86.12		-8.62		-2.35
940	58.21		74.19		90.63		-5.55		-2.63
941	99.48		15.07		7.72		0.46		5.81
942	42.00		-11.16		-72.48		8.03		9.01
943	37.17		-18.33		84.19		-2.19		2.13
944	43.06		37.30		-24.12		1.73		-9.09
945	78.67		11.69		56.98		6.31		8.66
946	98.89		-85.03		-51.54		4.67		7.66
947	10.12		-17.58		-56.81		-6.18		-5.48
948	42.62		63.94		32.08		6.86		5.36
949	74.93		72.87		18.22		9.64		7.47
950	92.76		60.71		-76.03		6.91		1.41
951	47.05		21.06		-52.01		4.45		4.42
952	68.68		-34.11		-20.37		3.69		-3.53
953	84.21		-80.65		97.05		4.30		6.49
954	77.60		86.11		-58.43		7.40		1.76
955	42.51		97.87		-98.01		-0.04		-7.96
956	96.95		-87.56		52.75		-7.44		8.23
957	77.10		-76.22		66.85		-2.87		5.21
958	27.18		-78.18		32.83		7.11		9.11
959	97.68		-12.91		-22.11		9.83		-5.04
960	60.57		97.31		89.36		-6.98		0.07
961	23.32		-79.30		43.55		3.75		-3.01
962	45.47		89.00		-59.01		-6.52		3.68
963	63.75		-84.64		46.30		0.15		1.61
964	95.64		-4.01		-69.77		-8.86		4.14
965	60.23		63.70		96.53		3.78		-4.80
966	97.69		-45.95		-31.29		-3.06		-9.26
967	26.69		-27.96		94.31		-7.31		8.97
968	34.00		-42.12		0.26		4.99		-6.62
969	90.05		-83.42		77.53		4.52		0.55
970	55.37		-80.98		-37.10		5.20		8.02
971	26.66		-21.62		25.34		-0.05		7.42
972	62.01		-23.92		-15.16		5.98		-7.21
973	2.99		55.57		53.90		4.23		6.28
974	48.22		31.85		-38.63		-3.97		1.58
975	32.68		-49.20		20.06		-2.72		-8.29
976	88.53		-72.89		-22.89		-6.86		8.65
977	82.35		81.83		77.87		7.54		7.61
978	51.49		-37.27		-91.56		1.59		3.57
979	42.60		-76.01		-81.53		0.12		-9.39
980	4.62		-48.95		17.14		6.25		2.69
981	95.91		-70.23		76.76		-8.22		3.30
982	30.10		43.19		11.25		1.65		1.46
983	19.87		37.14		-23.52		-2.04		2.51
984	75.28		26.63		81.63		2.87		4.52
985	54.46		52.30		-81.70		-4.70		-3.45
986	60.78		-22.06		56.99		1.71		-9.15
987	94.17		64.02		-10.67		-6.20		9.70
988	70.19		54.86		-52.70		-0.38		6.80
989	87.17		1.55		-65.73		-7.67		7.71
990	75.98		-41.54		68.80		4.71		-4.93
991	74.57		-49.35		96.26		-0.42		9.02
992	16.58		-66.11		-16.27		-6.60		5.83
993	43.83		-34.94		25.22		5.04		4.65
994	67.75		-40.50		-42.47		8.60		8.33
995	94.38		79.60		40.70		-8.89		3.22
996	56.59		-57.78		84.44		-2.59		-6.49
997	8.41		-65.31		-76.08		7.14		-3.41
998	97.92		13.96		0.17		2.95		-9.46
999	63.44		53.36		-8.83		3.89		0.64
1000	30.71		19.66		87.38		-7.91		7.28
1001	81.55		60.79		48.79		-2.72		1.45
1002	37.89		12.77		32.31		6.29		9.98
1003	31.36		-9.04		-22.21		6.35		-6.19
1004	53.68		-46.88		-40.59		8.30		-0.98
1005	88.01		-50.65		-27.55		-3.57		1.59
1006	64.28		30.66		-51.39		4.30		8.24
1007	79.34		-15.61		-2.54		3.20		-9.10
1008	8.79		48.19		86.59		-8.87		7.74
1009	43.68		82.36		81.01		-3.85		-3.17
1010	36.73		-5.53		-39.62		8.65		-3.94
1011	55.93		-96.21		-24.58		6.98		4.83
1012	63.09		73.46		-64.06		-5.24		-8.67
1013	39.82		-34.83		25.71		-3.63		-2.43
1014	28.12		-82.93		42.70		-7.42		9.53
1015	97.66		10.63		78.16		-1.73		6.47
1016	2.45		52.63		-24.13		3.06		-2.77
1017	87.17		-49.79		30.09		-9.51		8.52
1018	76.19		61.11		10.79		-0.81		-8.88
1019	59.64		-5.30		6.95		7.67		2.02
1020	5.37		94.05		27.57		-9.28		-2.00
1021	44.34		-16.44		83.96		2.96		-5.92
1022	83.73		12.63		96.15		6.51		9.94
1023	24.84		21.59		2.76		-0.50		-8.62
1024	92.33		-80.65		94.69		6.94		7.08
1025	89.93		94.05		-16.07		-8.67		6.03
1026	87.93		-61.79		-83.86		-7.25		-7.43
1027	43.61		70.36		-23.85		-1.77		4.27
1028	86.22		13.69		-4.72		7.29		3.89
1029	12.30		31.74		-86.46		9.72		0.19
1030	16.78		-87.70		-55.35		9.76		0.35
1031	49.45		27.19		64.03		-2.33		-9.22
1032	40.81		42.20		-27.89		7.76		4.47
1033	18.12		69.62		63.17		-0.80		2.22
1034	63.14		6.57		-55.34		3.79		-0.00
1035	45.59		86.29		47.19		-9.27		-7.95
1036	26.67		95.47		-7.94		-4.16		9.71
1037	19.09		-50.24		50.02		4.58		2.50
1038	20.70		-69.77		82.71		1.90		8.04
1039	4.51		-5.78		-69.78		9.66		-8.61
1040	88.32		-90.16		77.56		6.58		-6.87
1041	75.45		-38.32		77.23		8.56		-0.57
1042	77.56		49.38		34.73		-2.73		-9.75
1043	50.66		-71.70		33.90		-8.19		6.51
1044	62.10		-86.83		-21.87		-6.51		9.64
1045	27.86		10.26		-41.72		-9.13		-8.38
1046	24.65		57.00		90.75		-8.39		-1.36
1047	30.91		-5.19		-64.86		0.20		7.73
1048	60.91		29.45		86.34		3.87		-0.90
1049	63.37		76.96		-42.97		7.80		4.24
1050	47.06		-5.52		-74.86		-5.12		5.30
1051	49.16		16.86		25.66		-4.03		-2.55
1052	65.40		97.16		51.83		-4.51		1.63
1053	29.15		-28.47		-1.21		3.81		-5.39
1054	87.30		39.37		-24.19		-4.34		1.29
1055	51.57		-66.88		-18.12		-7.68		-8.55
1056	36.24		-40.66		9.39		-2.21		-7.18
1057	6.93		-45.45		-20.81		-4.08		-7.64
1058	60.68		-93.02		-18.76		8.87		7.49
1059	24.08		-88.84		39.41		-1.13		4.03
1060	15.17		33.57		35.57		-7.39		5.02
1061	43.07		-54.64		-59.67		8.78		9.17
1062	37.55		-41.56		-17.24		0.97		6.12
1063	79.06		17.18		4.93		-0.54		-7.57
1064	35.91		83.01		76.93		-1.12		-7.57
1065	30.01		10.16		70.62		1.65		4.47
1066	87.32		-76.17		40.88		-9.07		5.97
1067	76.52		-15.60		-32.20		-4.17		-7.98
1068	17.97		-80.43		76.51		-8.51		8.20
1069	55.45		35.39		24.62		-6.91		-3.42
1070	40.06		38.83		-41.63		3.46		0.69
1071	42.51		22.94		-80.66		8.88		-4.55
1072	88.89		-22.27		10.15		3.85		7.48
1073	82.32		63.50		55.03		-2.93		-3.75
1074	49.08		69.42		42.41		-0.56		-8.10
1075	33.54		70.70		-47.21		9.12		4.72
1076	23.70		-83.96		-26.76		-8.21		0.12
1077	63.92		-2.89		-48.43		-4.46		-3.64
1078	87.33		80.78		31.96		-6.54		7.50
1079	11.56		70.45		-98.52		3.73		-1.11
1080	48.41		-8.89		88.11		5.83		7.15
1081	72.50		10.03		62.74		7.92		-2.44
1082	44.07		-37.19		-41.09		-9.76		-7.94
1083	17.23		-38.68		9.73		-1.96		-6.33
1084	11.19		-49.56		76.04		-0.49		-8.20
1085	91.98		-7.02		6.52		2.05		6.87
1086	76.80		-70.57		14.30		5.77		3.50
1087	68.78		-30.95		-66.83		4.37		4.03
1088	69.04		36.72		-70.86		0.75		-9.11
1089	51.87		54.10		32.94		6.62		5.32
1090	58.96		61.23		38.73		5.33		9.66
1091	26.04		-34.27		54.35		-7.72		7.61
1092	2.49		-56.53		51.07		-7.98		0.94
1093	60.13		-30.01		-81.92		-7.16		1.16
1094	10.74		-14.04		-15.07		0.88		-1.21
1095	14.16		36.88		-54.11		-4.43		6.81
1096	33.65		-4.38		-24.36		7.38		-4.88
1097	29.95		73.95		-72.99		-1.68		4.71
1098	97.23		-39.50		-5.13		-6.45		6.50
1099	34.16		-46.29		86.55		2.61		-1.40
1100	50.31		19.26		4.81		-5.29		8.70
1101	20.89		-16.90		23.38		-8.65		9.01
1102	56.47		-71.49		-58.34		7.04		4.69
1103	84.00		-3.76		61.37		9.85		0.51
1104	72.14		37.68		-58.79		4.69		-7.11
1105	60.20		-51.12		-49.16		6.99		8.71
1106	95.39		94.54		38.72		5.11		9.55
1107	61.46		-78.75		57.94		8.24		-7.22
1108	20.51		-69.40		3.79		3.22		7.34
1109	33.11		67.24		69.49		-5.72		-1.62
1110	37.19		28.27		-95.33		8.58		-5.23
1111	8.65		89.39		-82.22		-1.54		4.52
1112	53.83		93.18		-57.26		-2.48		0.76
1113	91.69		-70.37		97.86		3.49		-6.78
1114	49.88		18.96		-25.51		2.94		1.69
1115	91.83		-89.04		-77.68		2.86		2.19
1116	68.29		-28.84		-47.76		6.82		4.73
1117	97.31		19.58		-48.81		-4.80		8.70
1118	56.95		-44.94		-14.64		3.66		-5.93
1119	14.63		10.09		-2.83		2.63		1.16
1120	32.67		95.14		-64.31		7.70		-5.13
1121	52.21		-93.45		-20.43		3.71		-2.55
1122	3.40		28.57		-78.90		6.97		2.93
1123	17.32		-84.34		-68.47		7.85		0.02
1124	72.94		75.27		17.17		5.53		2.01
1125	76.35		67.82		70.76		-4.16		0.81
1126	68.38		-8.61		-34.89		5.15		3.83
1127	44.78		99.35		-69.74		-8.75		2.47
1128	49.74		-40.93		41.78		-7.69		-4.10
1129	89.57		-10.93		97.60		-1.82		2.36
1130	71.79		-64.80		37.13		5.64		-5.53
1131	49.67		23.95		82.65		-9.33		5.58
1132	44.57		22.11		80.43		-5.55		1.48
1133	59.56		82.51		-19.95		4.52		4.84
1134	31.70		-15.92		-96.85		-4.57		7.55
1135	96.57		1.54		-11.40		0.89		-5.98
1136	14.33		-46.86		-41.16		7.72		-5.62
1137	71.86		-77.05		5.84		-3.31		6.03
1138	48.14		37.92		51.90		-2.14		-6.45
1139	41.27		33.75		-5.58		-4.40		-8.29
1140	40.04		17.05		-29.81		3.77		-1.27
1141	1.55		55.86		52.52		5.99		3.45
1142	97.03		63.29		3.59		0.52		8.12
1143	1.02		71.54		93.91		8.93		0.97
1144	53.46		11.49		-37.80		0.53		2.68
1145	56.16		0.82		-7.50		-9.17		-3.82
1146	15.83		-66.69		67.39		-7.43		1.98
1147	81.77		-64.86		96.45		0.00		5.67
1148	22.95		-92.81		49.68		-9.03		5.68
1149	6.77		19.07		41.46		3.89		3.99
1150	79.83		84.21		-17.00		-2.44		9.32
1151	57.45		14.80		-75.53		0.74		0.82
1152	45.86		-12.99		30.06		-9.18		5.60
1153	27.73		30.78		54.03		5.37		-4.59
1154	72.15		32.44		-40.43		3.02		-7.85
1155	50.95		-86.59		-14.56		5.40		-6.65
1156	99.00		24.83		-33.19		1.39		-8.94
1157	98.85		-58.09		37.02		-4.47		-7.21
1158	84.50		42.35		77.51		-5.74		-5.26
1159	80.94		8.09		-12.71		-4.81		-2.88
1160	65.34		1.35		-81.14		4.40		7.29
1161	66.26		7.70		72.55		-4.16		4.50
1162	2.24		-16.70		-53.65		4.48		-1.28
1163	73.02		86.32		-70.15		-4.48		-6.29
1164	28.31		-90.96		54.77		6.30		-3.61
1165	44.02		22.96		-67.85		-5.05		3.87
1166	62.65		-98.38		0.17		7.27		-1.50
1167	66.43		55.64		86.76		3.10		2.89
1168	89.01		69.32		14.86		9.45		-6.39
1169	94.41		-75.91		27.64		8.91		2.03
1170	22.72		83.84		-11.84		3.19		0.13
1171	77.39		-44.03		-98.35		-9.34		-6.24
1172	37.52		-36.49		-81.17		9.24		4.28
1173	27.66		-55.43		95.77		8.43		7.31
1174	7.36		-4.26		30.15		-0.23		-1.11
1175	44.20		-2.61		-67.63		-3.07		-8.63
1176	99.65		-97.50		-78.33		9.25		-5.20
1177	19.87		67.73		11.87		-2.24		3.44
1178	41.35		71.36		-16.59		-3.70		2.46
1179	14.06		84.60		-7.54		-5.61		2.77
1180	72.08		-50.03		-95.64		-4.97		-4.33
1181	39.10		97.05		78.56		2.93		9.54
1182	20.45		35.39		-35.26		8.15		-9.70
1183	13.12		-1.81		-32.08		3.94		-5.67
1184	11.51		36.85		-73.33		4.33		2.84
1185	58.75		-70.72		-24.82		-7.49		-7.51
1186	88.87		-46.11		-34.49		1.24		-2.51
1187	15.90		72.57		71.75		2.98		-3.04
1188	51.50		-66.53		-99.78		9.29		7.38
1189	11.46		-98.56		36.61		-4.86		6.65
1190	31.04		67.21		-60.60		5.29		2.98
1191	42.24		-0.38		39.34		7.26		-1.56
1192	92.54		-65.68		-2.43		-0.91		2.19
1193	4.59		-39.13		-53.45		8.96		7.02
1194	98.05		-55.19		-44.34		5.58		-2.73
1195	98.79		43.15		-74.76		1.17		5.85
1196	34.12		-59.32		-74.85		6.04		4.46
1197	95.52		-63.75		-64.01		8.40		4.01
1198	75.36		30.85		36.93		2.44		8.75
1199	67.42		93.54		-17.17		3.79		-4.68
1200	67.31		-32.35		-33.43		-7.22		8.71
1201	41.08		88.28		68.99		-4.89		-1.42
1202	52.18		9.59		-16.30		1.36		7.69
1203	13.87		48.04		-33.11		-6.84		2.55
1204	38.50		60.64		85.00		-6.11		4.28
1205	2.44		-70.52		70.17		1.66		-1.37
1206	33.48		-5.18		-80.29		8.00		8.39
1207	31.52		52.38		31.38		-9.83		3.05
1208	75.48		27.00		58.93		-6.94		2.04
1209	63.81		14.24		49.87		8.59		9.91
1210	62.68		20.55		-77.26		-8.51		4.24
1211	4.65		41.36		-83.17		-3.14		-5.95
1212	29.61		-17.45		-43.10		5.56		0.77
1213	42.07		-12.21		45.94		8.23		0.54
1214	52.04		49.11		24.40		-7.87		4.25
1215	37.91		-48.66		78.24		8.68		-6.20
1216	13.30		-44.00		14.21		4.81		7.05
1217	29.30		35.01		-45.90		-3.92		0.98
1218	42.20		-86.18		0.65		-9.17		4.87
1219	3.96		53.74		38.26		1.77		-9.98
1220	73.06		77.94		53.17		-7.83		1.68
1221	63.55		57.46		59.14		-6.22		3.01
1222	90.79		-5.94		75.16		-6.23		8.14
1223	31.83		30.30		95.19		-7.11		-2.45
1224	3.41		-39.34		0.38		2.04		7.30
1225	57.24		51.09		90.12		-8.83		-2.58
1226	38.89		-96.66		-21.70		-6.59		3.07
1227	22.59		-22.66		-83.70		6.79		5.77
1228	63.53		45.47		37.71		1.15		-4.55
1229	15.84		93.12		-81.99		-9.38		2.89
1230	64.17		89.35		56.10		-4.98		-6.16
1231	96.37		-93.61		37.53		-2.35		-0.39
1232	69.36		-90.18		-33.24		-9.30		-1.64
1233	56.98		-32.19		-8.63		5.34		-6.87
1234	22.57		5.98		-30.00		-5.52		-4.68
1235	36.19		21.23		-93.17		7.10		-6.76
1236	88.55		-34.00		-98.42		-1.11		8.12
1237	61.27		-2.78		-16.06		1.74		6.10
1238	50.35		-43.95		6.52		-6.27		9.04
1239	22.88		57.19		2.57		4.54		7.02
1240	8.69		-96.52		-35.03		-6.06		-2.49
1241	92.21		87.30		-31.29		2.63		8.27
1242	58.06		-51.42		81.25		0.15		2.75
1243	90.30		-70.95		-41.47		-0.55		-8.81
1244	41.73		31.78		63.46		-9.49		-7.37
1245	6.36		10.30		-15.98		0.04		7.75
1246	48.32		82.15		-39.68		-8.54		5.67
1247	31.48		-59.31		7.47		0.85		5.52
1248	74.74		-4.06		21.66		8.19		8.13
1249	30.26		75.16		-41.21		9.56		2.36
1250	46.46		-19.83		-21.79		-4.05		3.64
1251	7.60		82.46		94.51		8.41		8.46
1252	40.18		6.92		21.80		3.27		-2.40
1253	8.43		59.56		-49.32		2.13		-3.85
1254	74.96		-6.93		12.28		-1.88		3.13
1255	56.38		-12.83		63.76		-2.64		9.44
1256	35.22		26.56		89.54		-8.73		-4.89
1257	48.39		84.75		-84.07		2.31		-0.33
1258	87.44		75.38		84.88		8.42		-7.12
1259	84.91		-33.98		-2.64		9.71		-9.44
1260	14.63		28.66		-3.89		8.52		-3.26
1261	6.35		-8.75		5.50		0.68		-5.06
1262	92.64		12.29		58.80		-3.54		-8.23
1263	44.81		76.06		-94.03		-4.50		-5.21
1264	37.09		-37.69		19.02		-5.04		-1.79
1265	61.71		-71.04		-88.18		8.57		7.15
1266	58.32		-6.94		-49.60		-2.82		-8.33
1267	79.43		49.08		44.00		5.16		1.38
1268	6.53		-75.29		-59.07		-8.90		-9.02
1269	27.01		63.65		-25.01		3.08		-8.51
1270	10.34		73.54		88.62		-1.89		-7.30
1271	11.25		-71.01		-29.68		-6.08		-5.45
1272	9.59		-46.52		83.33		9.81		-0.67
1273	25.10		-18.27		-44.86		0.42		6.66
1274	71.16		2.91		-54.49		-0.83		-7.51
1275	85.63		28.83		77.86		9.58		-3.54
1276	64.92		-4.24		-81.94		-2.23		-1.72
1277	68.32		-10.07		-85.42		-6.47		-8.10
1278	55.90		26.13		-23.10		0.28		-0.26
1279	21.42		57.92		-12.51		4.88		-0.63
1280	66.39		-69.06		-46.23		2.18		-3.75
1281	81.39		-62.11		-13.42		5.87		-5.04
1282	99.89		-61.01		50.55		3.60		-4.42
1283	44.13		-58.23		-20.81		-2.44		-3.00
1284	86.52		61.52		-69.60		-9.37		-6.67
1285	43.74		93.11		-47.32		8.52		8.18
1286	88.21		-77.97		12.35		-5.96		-1.93
1287	93.14		-71.73		-80.27		2.04		8.27
1288	53.33		-2.38		-23.84		2.59		7.58
1289	39.79		57.53		-20.86		-6.97		-8.64
1290	73.49		55.94		40.00		-4.23		-5.50
1291	15.24		45.22		80.36		-3.60		6.37
1292	32.26		63.66		2.69		6.28		-8.04
1293	20.24		-42.69		97.26		0.57		3.07
1294	89.04		-59.41		-24.16		4.83		4.29
1295	55.30		-82.57		-56.97		6.35		3.19
1296	24.57		51.94		92.85		5.10		0.38
1297	84.83		25.60		-37.23		8.09		-8.39
1298	7.98		89.89		56.94		0.91		6.21
1299	57.67		81.02		-86.59		3.30		-2.04
1300	11.93		-47.46		33.55		-0.68		-8.08
1301	92.83		67.47		-45.43		7.59		-2.29
1302	68.17		-77.72		18.56		7.10		-8.55
1303	39.43		93.89		-69.74		9.14		6.17
1304	81.53		58.50		63.37		5.11		7.33
1305	57.11		15.56		-88.08		-9.59		-0.64
1306	54.73		37.96		24.05		9.98		-4.02
1307	12.51		10.24		42.91		-5.70		-7.70
1308	46.48		11.54		-73.83		9.27		9.82
1309	74.87		-73.36		60.40		3.88		1.94
1310	62.98		77.66		57.69		5.39		-1.54
1311	38.11		0.33		62.34		-2.88		-9.33
1312	97.32		72.57		-47.59		6.04		-0.83
1313	81.56		19.72		-22.96		-5.90		-0.82
1314	51.41		-78.04		-83.29		-8.40		9.40
1315	34.02		-56.76		59.82		-2.95		6.19
1316	51.19		-68.08		-94.61		5.15		9.95
1317	34.44		-83.22		-0.48		-7.77		-7.26
1318	89.49		53.54		-20.70		-8.20		8.09
1319	31.83		-90.63		-3.26		1.59		5.18
1320	20.39		60.56		-92.10		-5.70		9.33
1321	43.78		35.51		-99.83		-6.71		-1.21
1322	46.47		63.19		35.36		1.01		-5.60
1323	73.00		88.62		-71.81		6.91		5.39
1324	77.96		-47.51		-91.81		3.18		6.50
1325	85.11		14.63		13.64		-4.33		-1.55
1326	62.99		-29.60		-86.82		-4.44		-4.16
1327	66.52		-1.35		98.25		-3.62		7.81
1328	12.25		-32.21		86.91		9.46		-5.46
1329	96.67		82.95		-39.48		-1.77		2.72
1330	92.66		-84.13		42.19		8.08		-9.32
1331	10.89		-35.98		-19.54		6.11		-4.79
1332	73.90		71.96		66.99		1.15		-2.11
1333	45.53		2.22		-72.72		-0.28		-3.11
1334	57.84		-85.03		-10.86		-0.88		0.70
1335	53.82		19.83		-52.89		-9.55		9.16
1336	81.71		-79.18		41.55		6.06		9.31
1337	62.61		25.88		-55.24		6.47		-8.37
1338	9.93		74.06		29.83		-1.40		8.04
1339	68.71		44.97		81.57		3.56		2.97
1340	5.13		58.73		-58.19		-7.04		0.79
1341	34.72		73.42		-51.38		6.78		-0.81
1342	96.18		55.99		-8.83		-2.68		-8.67
1343	32.14		-35.90		77.32		5.95		-9.26
1344	65.67		8.57		96.46		9.13		3.64
1345	8.77		-64.03		-87.69		-8.07		4.00
1346	56.07		-84.94		73.77		-9.83		-9.11
1347	40.37		-43.58		78.28		8.47		-1.70
1348	73.25		-1.36		-32.45		-4.76		-2.05
1349	17.04		69.32		30.62		7.73		6.08
1350	81.39		37.66		-72.02		5.17		8.67
1351	11.82		-43.23		52.17		-3.60		-5.95
1352	37.56		-65.31		-24.81		2.58		7.11
1353	8.91		97.51		-98.46		6.57		0.82
1354	39.18		-99.02		96.06		4.53		-5.36
1355	79.85		96.10		-91.17		-8.20		-7.85
1356	81.47		-75.79		52.21		-1.00		-2.70
1357	84.11		58.67		76.33		-1.37		-2.31
1358	8.78		-99.32		31.08		0.35		-1.76
1359	91.40		72.12		50.10		-1.65		5.84
1360	18.50		32.03		99.07		4.16		8.55
1361	20.93		33.10		71.20		-8.30		9.93
1362	42.11		99.01		-83.43		-7.28		0.48
1363	10.08		32.48		-88.80		4.51		5.73
1364	28.73		-78.42		71.57		2.87		-3.43
1365	87.62		85.95		-0.45		1.40		-6.41
1366	76.17		-20.68		98.65		6.30		-6.99
1367	49.58		32.29		-47.44		4.81		-3.42
1368	52.09		-99.90		52.69		9.93		-8.04
1369	74.51		5.07		32.54		-4.96		-7.22
1370	84.28		72.94		68.74		9.07		7.21
1371	39.78		-53.15		72.36		-4.64		6.84
1372	19.19		8.46		-88.56		-8.32		-9.28
1373	21.00		46.62		78.30		-6.15		-8.16
1374	78.91		82.52		26.21		-4.02		2.66
1375	33.82		92.47		-2.86		1.69		-5.57
1376	64.22		-20.88		14.02		2.91		5.11
1377	53.72		-51.69		17.21		6.64		7.19
1378	13.87		67.70		-77.09		-4.34		-4.93
1379	69.58		45.29		-15.96		2.76		-1.49
1380	39.61		10.11		-16.16		-1.17		7.77
1381	76.67		41.93		31.85		-1.12		2.51
1382	40.23		-32.51		49.42		-6.88		-1.54
1383	25.13		53.88		-67.40		-9.62		2.41
1384	48.29		87.94		42.11		-4.66		-1.78
1385	37.68		4.91		61.33		-7.32		6.50
1386	93.83		18.75		16.45		8.02		7.46
1387	72.17		82.52		51.84		-1.47		1.58
1388	33.58		72.66		-3.98		-6.69		7.73
1389	98.35		12.37		58.84		-3.99		7.79
1390	41.36		-5.37		25.29		1.30		2.09
1391	61.99		-93.18		55.26		-3.45		-8.40
1392	41.52		73.50		-74.90		-5.72		-8.71
1393	92.98		-3.00		6.19		-7.95		-2.74
1394	60.82		17.71		14.88		4.92		6.98
1395	91.77		-68.37		-90.39		1.41		6.83
1396	83.25		-97.93		-58.61		-8.13		-0.09
1397	45.50		-25.06		47.94		1.72		4.41
1398	77.80		24.92		67.48		7.94		-6.98
1399	27.14		94.38		38.45		-6.86		-9.03
1400	43.98		96.59		-69.26		-0.15		1.97
1401	76.60		-79.86		-23.52		0.44		-1.59
1402	75.33		-41.42		89.86		1.59		-5.87
1403	92.93		-78.31		11.69		9.66		7.10
1404	80.93		31.54		38.39		-0.92		1.71
1405	46.36		28.27		-16.49		-9.07		-4.43
1406	76.10		84.37		-69.18		-7.10		9.63
1407	58.02		51.77		91.08		-3.13		6.08
1408	30.75		-58.27		-54.96		0.16		6.70
1409	33.56		-38.77		-51.47		-3.42		-2.03
1410	61.57		-50.74		-51.05		-2.98		-1.23
1411	34.42		-84.66		-40.10		-4.47		-5.62
1412	51.96		65.35		-99.43		-8.08		-5.45
1413	92.78		33.61		19.41		-4.08		-1.19
1414	32.18		46.14		46.85		3.60		-7.97
1415	16.88		-73.32		-29.12		0.16		7.90
1416	49.69		-64.39		-3.34		9.11		7.24
1417	50.56		41.92		-82.04		2.42		3.34
1418	53.90		-27.48		-80.61		-5.19		-5.84
1419	40.91		31.69		68.36		-3.28		7.31
1420	83.64		-27.50		-10.91		3.35		2.08
1421	16.37		34.97		-3.60		6.50		-4.28
1422	32.59		-81.80		68.60		1.14		0.23
1423	7.18		-75.68		-52.10		4.83		0.62
1424	96.09		84.85		85.50		-8.48		-4.19
1425	27.00		37.68		-88.86		-4.23		3.29
1426	3.94		93.80		-94.53		2.15		7.74
1427	73.99		-93.78		14.64		1.60		-6.28
1428	94.33		27.89		81.65		-6.28		9.28
1429	68.54		94.60		35.00		-7.12		1.71
1430	26.14		-85.02		10.86		5.66		-5.98
1431	11.10		-23.68		-58.45		-2.46		2.66
1432	16.05		80.42		-1.34		-0.63		4.06
1433	81.64		6.30		9.14		4.54		-5.50
1434	58.74		28.94		-14.58		-2.96		3.01
1435	88.47		-82.86		-5.64		-2.12		-6.33
1436	74.54		-39.95		88.59		6.63		-2.10
1437	43.71		-85.61		23.20		2.66		0.80
1438	1.09		-64.70		-65.51		5.42		4.00
1439	89.84		41.17		28.24		8.79		-3.01
1440	58.35		-18.14		-39.75		5.22		-3.05
1441	50.64		3.23		33.40		5.72		5.41
1442	5.25		96.16		-89.95		5.42		5.81
1443	23.00		37.62		29.24		4.13		7.95
1444	55.66		-87.34		-83.42		-5.81		8.25
1445	29.87		-17.81		77.78		-6.36		-6.71
1446	22.33		38.47		-66.53		-3.63		-5.04
1447	91.18		90.54		9.28		8.14		1.16
1448	20.27		-43.58		82.31		-0.19		-7.83
1449	98.78		50.46		19.29		3.01		2.99
1450	99.40		-44.02		-29.36		4.33		1.69
1451	51.54		-65.66		30.46		-7.11		4.51
1452	82.23		-88.31		-81.22		-9.86		0.55
1453	46.05		-54.26		62.83		8.23		7.42
1454	37.86		8.24		-7.72		3.12		4.05
1455	4.54		40.26		-67.20		5.38		-0.12
1456	68.79		-51.72		-10.14		-4.32		-1.54
1457	11.65		-11.62		77.32		8.94		-1.31
1458	1.76		-69.62		70.11		7.27		-4.12
1459	91.58		-30.69		17.23		7.71		0.54
1460	45.95		-76.93		-1.36		4.01		8.13
1461	43.05		-48.90		-97.81		-0.39		3.84
1462	81.26		-66.90		-38.48		-0.20		9.39
1463	44.80		-76.90		65.16		1.17		-1.69
1464	81.87		46.91		13.21		8.74		-5.04
1465	57.85		38.76		-23.54		6.92		-0.87
1466	44.23		-79.80		64.29		-0.99		-4.83
1467	7.99		56.89		73.30		-3.26		9.82
1468	92.62		-13.45		74.21		5.46		-9.42
1469	33.03		98.63		6.85		3.86		-4.25
1470	92.25		-85.90		6.53		9.51		2.16
1471	66.99		7.14		12.05		-3.15		-0.34
1472	94.21		-71.08		-14.41		-6.50		-9.03
1473	43.89		-58.27		-51.60		-3.63		7.32
1474	89.13		61.94		-97.31		-5.81		-3.21
1475	85.66		17.92		-29.61		-6.27		5.96
1476	11.44		75.78		-62.55		2.64		-4.31
1477	70.15		43.22		62.30		4.05		-4.55
1478	28.31		11.14		70.37		-6.69		3.76
1479	72.90		-58.50		15.49		-3.62		-7.52
1480	79.32		93.62		-29.70		-2.09		5.66
1481	76.71		81.08		-48.09		-5.23		9.32
1482	14.85		-65.75		38.37		-6.00		-3.97
1483	1.03		-38.00		-41.83		-5.01		-6.78
1484	79.23		-78.90		62.88		-8.85		6.10
1485	86.52		-58.07		29.29		-5.53		-8.43
1486	70.24		87.47		27.55		-3.91		2.71
1487	36.07		59.83		58.36		6.40		6.64
1488	46.06		67.25		28.97		5.24		-9.40
1489	2.54		0.32		23.03		-2.46		5.24
1490	69.11		56.14		86.00		3.19		-2.19
1491	4.83		-37.36		-61.07		2.99		2.29
1492	26.64		61.75		88.21		-1.08		4.97
1493	82.26		57.02		2.30		2.23		9.17
1494	35.41		-65.74		-15.02		-2.87		1.36
1495	88.93		-89.52		-27.96		-0.12		-1.59
1496	57.39		-90.22		-75.62		-3.21		9.20
1497	10.03		66.55		23.23		4.56		-3.15
1498	40.48		87.62		-65.18		-3.93		-3.41
1499	90.01		13.11		6.97		3.72		3.29
1500	84.26		0.90		61.91		-3.24		0.09
1501	71.52		-54.32		91.50		3.58		5.68
1502	39.61		9.09		-87.33		7.01		-6.70
1503	85.65		41.37		-71.49		4.59		2.22
1504	89.90		-45.16		69.28		-3.86		-9.64
1505	39.06		24.74		-55.09		-3.84		-5.57
1506	86.72		-23.25		87.16		8.28		-3.77
1507	35.38		-13.87		-14.29		9.33		-0.07
1508	58.95		86.85		44.53		-1.76		5.63
1509	77.72		92.09		-13.39		8.96		-2.50
1510	26.74		-93.39		76.03		-2.76		-9.49
1511	5.23		-70.44		57.62		2.86		4.33
1512	58.20		39.26		81.24		-9.12		9.64
1513	94.00		-0.84		99.71		-1.22		0.81
1514	10.12		48.50		-33.69		8.20		-2.42
1515	2.88		10.16		29.80		6.49		8.18
1516	74.00		57.95		24.17		-3.45		-8.31
1517	44.93		42.79		30.87		0.89		1.98
1518	83.39		-5.50		35.36		-6.66		-9.66
1519	74.71		-18.20		-80.21		-0.06		5.44
1520	90.05		-87.50		29.78		1.52		2.85
1521	98.80		-61.44		-33.60		0.42		-5.28
1522	29.05		18.74		65.29		0.43		-1.91
1523	78.99		-6.55		-55.86		8.81		-2.92
1524	34.16		-29.08		89.61		-7.16		-9.67
1525	83.49		46.05		45.04		2.78		1.77
1526	39.26		-96.31		-97.40		-3.17		9.35
1527	46.63		-40.56		38.17		3.39		-8.60
1528	16.75		90.88		72.19		-9.96		-0.02
1529	62.89		-60.71		86.26		-4.23		-5.49
1530	30.12		35.78		94.35		-8.38		-2.58
1531	90.66		10.06		-60.77		-7.18		-2.22
1532	31.38		90.39		-59.33		1.65		2.62
1533	30.45		98.66		44.29		-2.89		-0.88
1534	18.74		-37.81		49.18		-1.90		-4.77
1535	7.94		-32.48		-19.40		5.87		9.07
1536	71.24		55.54		62.36		-3.96		4.30
1537	8.31		54.29		80.26		3.66		0.53
1538	59.69		-58.75		39.96		-5.61		-7.98
1539	82.18		-10.46		53.14		-3.93		9.74
1540	79.08		31.52		66.40		9.99		3.65
1541	41.19		-36.26		13.45		4.54		8.30
1542	38.36		98.73		79.51		-0.49		6.75
1543	57.68		16.76		-21.47		-2.84		-9.51
1544	17.01		87.21		22.65		9.34		-8.96
1545	94.93		-93.63		-39.36		3.77		6.84
1546	76.85		50.75		-51.73		3.00		-8.24
1547	11.17		-37.58		66.20		-7.67		3.76
1548	32.68		-47.44		35.09		-9.17		-8.56
1549	76.60		83.70		13.13		-8.48		2.07
1550	26.02		-2.38		-5.56		-7.11		8.59
1551	36.11		-74.80		63.11		-3.92		9.98
1552	78.04		5.40		91.93		-3.22		-3.55
1553	64.93		-15.31		-24.80		-0.90		-2.10
1554	30.08		-1.99		-36.49		2.35		-5.27
1555	41.24		-73.81		88.47		-9.60		0.98
1556	28.50		78.06		-3.73		1.69		3.62
1557	48.16		59.62		-93.79		0.47		9.68
1558	83.71		-85.59		29.23		8.72		-3.99
1559	23.00		-31.72		57.42		0.33		5.71
1560	54.84		11.72		-89.67		6.76		-7.75
1561	14.66		25.62		-17.42		6.31		-3.78
1562	57.47		-22.24		74.53		-0.45		-1.30
1563	52.99		-33.84		58.71		-5.86		7.05
1564	69.82		77.50		39.00		8.64		-9.62
1565	9.19		-25.88		16.25		-4.67		-0.13
1566	73.86		15.55		66.56		-3.23		-4.75
1567	54.13		52.77		-29.77		8.60		-5.68
1568	99.94		71.12		-40.94		4.15		1.70
1569	13.70		-3.43		27.38		-6.05		-2.88
1570	27.33		-95.74		-77.18		6.67		6.09
1571	77.20		71.37		54.15		-9.09		3.04
1572	29.79		18.59		-40.12		0.91		-0.60
1573	1.44		-96.74		48.70		-0.35		2.49
1574	66.04		40.34		-57.62		9.02		1.56
1575	32.34		49.93		-89.35		7.10		-2.90
1576	40.73		-65.99		92.90		-5.23		-7.49
1577	56.69		76.69		-51.07		-6.83		-7.46
1578	82.04		-44.71		-69.76		9.83		2.94
1579	28.27		59.06		-33.28		2.81		-6.68
1580	28.72		-23.85		-20.23		3.68		1.28
1581	23.38		57.13		-30.06		-4.20		-9.79
1582	57.01		-49.60		-96.60		-7.20		5.81
1583	36.81		76.66		47.35		1.38		-1.32
1584	8.03		51.84		59.15		3.84		-8.74
1585	94.88		32.75		77.07		-3.11		9.76
1586	31.95		-78.36		54.64		5.81		2.89
1587	85.36		51.76		92.68		-0.88		9.33
1588	84.87		40.57		-0.73		8.10		0.92
1589	33.48		38.98		-68.10		9.94		2.78
1590	88.96		57.72		-19.48		-1.54		4.22
1591	49.15		15.47		-38.32		-2.23		9.75
1592	34.32		11.04		-1.68		-6.98		-2.61
1593	53.57		83.34		19.23		3.14		7.27
1594	99.80		-23.06		-51.41		-5.75		-5.69
1595	8.62		-88.93		-67.14		-0.12		-7.94
1596	44.92		59.60		-44.53		-8.80		4.29
1597	40.35		-9.24		-65.41		-2.99		6.58
1598	96.67		13.65		76.59		-7.06		-9.66
1599	92.58		-6.71		62.73		3.17		4.71
1600	7.43		96.33		-17.95		-6.99		-0.68
1601	61.25		3.99		-41.40		-0.47		7.08
1602	83.25		-79.76		-85.31		-8.91		-1.21
1603	3.42		-52.26		-77.30		0.46		-9.82
1604	38.59		3.19		-63.34		9.35		9.17
1605	26.85		42.45		-4.80		6.94		2.61
1606	76.82		-84.09		-61.81		6.21		6.89
1607	30.12		60.81		-52.27		3.13		1.28
1608	70.20		60.02		94.29		-0.34		0.62
1609	2.04		77.76		26.75		7.93		-6.71
1610	36.39		22.83		57.38		3.81		-5.58
1611	4.09		15.79		33.55		0.06		2.13
1612	57.98		38.30		-14.62		6.57		-3.22
1613	43.79		13.99		19.10		8.98		0.45
1614	36.35		31.88		-53.71		8.56		-0.93
1615	88.83		89.02		9.76		8.74		0.69
1616	2.55		31.23		19.90		-3.36		4.24
1617	71.27		81.20		55.45		-0.39		-3.84
1618	11.36		-85.36		69.57		-0.92		5.71
1619	26.47		-28.69		-15.73		2.26		8.41
1620	6.42		43.11		87.11		-3.11		-5.27
1621	31.43		48.89		-41.02		0.03		-3.64
1622	65.73		-52.19		-66.31		3.03		6.88
1623	77.76		55.37		48.82		9.64		2.08
1624	18.89		-87.11		-78.39		-7.12		7.76
1625	4.91		-51.15		-76.94		2.03		8.23
1626	32.24		0.21		-15.53		-3.77		-9.95
1627	25.71		10.77		90.46		-3.80		6.75
1628	12.30		76.74		85.33		-2.16		-0.05
1629	79.46		-36.02		97.25		-1.03		-5.34
1630	36.07		36.11		13.35		-0.06		1.45
1631	89.00		6.81		-57.57		2.49		0.89
1632	86.80		-88.84		-43.84		-7.41		9.39
1633	9.44		16.76		-0.61		8.33		4.64
1634	70.87		-24.78		-88.81		8.75		-4.07
1635	22.98		55.44		74.14		0.27		-2.30
1636	83.88		50.65		-84.03		-0.70		-0.43
1637	72.54		-30.95		-9.50		-3.15		4.97
1638	70.84		65.23		-69.67		-2.86		2.70
1639	21.52		-82.37		80.66		5.61		6.45
1640	90.03		-78.93		-44.98		-7.77		-8.91
1641	2.69		84.08		14.02		6.04		9.36
1642	73.50		-46.30		-55.65		7.11		-1.14
1643	49.38		8.25		61.68		1.96		5.17
1644	76.75		-91.50		61.22		-4.43		7.91
1645	49.93		-59.55		8.68		0.87		-5.81
1646	62.28		10.23		25.50		1.85		-7.77
1647	11.95		8.64		40.01		4.37		2.95
1648	80.10		49.76		-35.83		8.80		-6.96
1649	79.21		50.44		-0.27		9.76		8.64
1650	42.45		89.66		35.19		1.25		-4.71
1651	23.25		-77.43		9.97		4.65		-4.56
1652	73.45		-7.00		8.92		-8.92		-7.52
1653	56.04		42.93		62.59		5.36		5.23
1654	37.95		-28.01		-63.61		-2.48		5.35
1655	48.22		34.39		-58.64		-1.29		-3.08
1656	31.04		59.95		-96.15		7.16		-1.89
1657	17.79		95.22		72.42		7.01		4.58
1658	21.23		-97.51		57.31		2.59		8.07
1659	32.49		94.84		-59.57		4.46		0.51
1660	33.30		-94.52		-27.92		9.45		5.64
1661	80.73		-54.91		4.95		1.33		-6.42
1662	62.56		1.70		38.37		-8.16		-1.90
1663	68.21		69.21		40.91		-6.19		-1.57
1664	27.75		1.64		50.13		9.91		-9.21
1665	9.21		47.26		60.42		9.59		-3.03
1666	17.54		4.05		-69.79		-2.83		-1.95
1667	58.84		-57.34		1.21		-8.81		2.83
1668	15.96		-18.06		-18.45		-1.33		5.41
1669	38.65		21.94		66.67		-0.48		8.53
1670	23.71		33.99		-47.03		-4.76		-6.63
1671	72.14		-36.44		-15.76		8.40		7.50
1672	62.71		78.38		-27.77		5.15		-3.07
1673	80.28		-49.80		33.20		5.32		1.48
1674	47.74		48.33		62.76		-5.88		7.65
1675	85.23		-53.18		33.39		-1.94		-5.77
1676	9.17		-65.79		55.16		-4.40		-4.81
1677	22.35		-8.46		-5.00		9.57		-0.79
1678	27.15		-14.26		-44.24		-7.63		-2.09
1679	38.06		48.36		-21.11		2.07		-1.16
1680	28.60		26.29		-67.41		-1.49		0.42
1681	59.31		-23.43		-43.33		0.38		-8.36
1682	50.86		29.26		-20.33		-6.09		8.39
1683	49.46		16.12		77.79		8.69		-8.74
1684	23.93		7.34		-97.13		2.81		-6.72
1685	31.66		-29.33		-78.88		3.25		5.80
1686	51.50		56.56		44.84		0.70		2.61
1687	25.82		-31.83		14.71		2.19		2.63
1688	50.85		55.52		-3.26		-4.61		9.88
1689	10.43		-37.36		-44.21		-7.28		-5.33
1690	14.53		13.61		83.16		-8.63		4.46
1691	65.02		-93.20		-25.13		0.82		5.82
1692	15.78		9.27		77.86		-8.49		2.07
1693	8.47		-35.80		2.50		4.45		3.47
1694	25.78		-37.94		0.78		-0.08		-8.46
1695	98.99		86.40		10.86		6.44		-3.88
1696	81.09		83.36		12.00		-6.54		-6.05
1697	33.69		-36.03		-51.91		-0.65		2.37
1698	32.25		-64.96		-34.14		-0.05		0.50
1699	71.87		-88.95		-79.38		-3.27		2.96
1700	48.02		4.24		13.00		5.16		-2.93
1701	92.45		17.24		-22.89		7.06		-8.07
1702	41.65		76.70		-18.28		0.02		-6.08
1703	47.62		82.46		-99.94		9.66		-9.39
1704	51.06		-68.43		-10.87		-8.95		-8.10
1705	67.27		-51.50		-12.40		9.12		8.50
1706	1.79		-97.65		84.87		1.46		-6.79
1707	64.37		-43.80		-48.87		-5.15		5.70
1708	14.17		-86.79		99.58		0.17		5.13
1709	65.90		78.40		3.95		8.16		-1.57
1710	5.05		21.01		83.45		3.03		0.41
1711	93.30		-31.59		84.06		-0.96		-6.59
1712	60.78		46.68		-93.21		4.05		3.06
1713	89.92		98.56		-25.80		-7.54		0.98
1714	32.46		-47.33		94.97		-1.14		9.18
1715	59.93		31.20		-95.24		-5.66		6.44
1716	62.35		-3.81		37.48		4.71		-0.75
1717	18.62		41.56		-31.20		-1.47		-6.23
1718	17.45		76.13		95.82		4.67		7.51
1719	27.84		54.61		-44.35		-9.19		8.14
1720	74.83		1.47		-56.76		-3.44		1.52
1721	48.61		9.28		-92.99		-6.63		2.11
1722	75.96		-78.85		-23.78		-5.62		6.33
1723	60.29		-97.72		2.50		-3.92		-9.13
1724	25.61		-60.34		-89.92		6.76		6.66
1725	16.00		82.31		-14.85		-4.55		-6.20
1726	99.68		-72.97		79.60		-4.24		-9.71
1727	84.82		37.30		28.71		1.79		-1.22
1728	14.71		-1.26		34.58		9.32		-4.04
1729	91.45		71.95		74.07		0.01		-4.92
1730	63.03		80.34		79.42		-6.67		-7.48
1731	55.07		64.90		90.03		9.20		-6.22
1732	15.60		89.22		-0.59		-5.78		-5.02
1733	98.20		-40.94		7.96		-5.91		0.39
1734	22.03		-27.67		57.77		-7.26		0.25
1735	93.21		47.58		-52.45		4.35		4.65
1736	95.75		-38.01		-28.25		-2.36		8.08
1737	83.03		28.85		51.64		-8.52		6.46
1738	89.14		21.64		87.02		9.09		-1.59
1739	2.86		84.74		-99.39		4.83		-4.04
1740	57.68		76.71		-45.51		-9.70		-2.41
1741	47.97		90.58		76.14		1.67		-9.29
1742	23.24		22.44		57.67		-1.68		-4.88
1743	18.64		26.78		65.36		-5.46		1.78
1744	62.12		24.46		-1.36		-9.85		2.80
1745	97.87		45.25		72.80		-6.46		-2.82
1746	76.72		22.93		-72.56		-9.90		0.29
1747	50.92		50.01		86.29		1.98		9.84
1748	57.05		74.16		3.50		-1.51		4.44
1749	84.03		95.83		-46.54		-9.72		9.15
1750	38.99		71.84		-66.58		5.61		4.40
1751	7.12		-29.97		70.86		2.23		8.09
1752	5.52		-68.72		-53.02		-6.11		-4.67
1753	83.22		-31.21		-66.69		4.96		6.23
1754	64.51		-30.19		-49.80		2.93		7.85
1755	51.42		19.14		69.02		-4.08		5.40
1756	57.98		-4.59		91.66		-8.70		8.90
1757	24.96		-23.29		88.16		-7.63		5.95
1758	58.39		-47.07		-0.59		9.64		-9.58
1759	67.97		55.92		30.55		5.61		3.46
1760	77.17		42.17		-75.41		0.89		-5.64
1761	93.28		28.10		-4.62		2.36		-7.90
1762	44.07		47.63		82.97		0.99		-8.88
1763	60.84		74.83		-92.69		3.64		4.20
1764	71.38		43.35		49.37		-4.32		-0.65
1765	98.63		-87.06		-83.69		7.32		0.55
1766	73.74		-59.27		-68.85		5.31		-2.43
1767	23.55		81.80		-75.42		8.31		-7.95
1768	33.95		65.55		-86.94		0.03		1.07
1769	11.79		79.46		74.28		7.02		-8.15
1770	60.51		-58.76		-30.14		0.97		3.27
1771	82.83		14.30		67.95		-7.40		7.46
1772	55.58		-69.50		-26.52		0.60		5.16
1773	76.05		-77.31		-20.67		2.32		-7.90
1774	77.93		-43.84		77.07		0.94		4.73
1775	20.44		39.34		-11.21		2.39		6.78
1776	15.51		85.43		63.48		1.19		-6.89
1777	26.21		41.88		-39.47		8.95		0.70
1778	33.19		6.02		-83.88		6.40		8.72
1779	23.08		-27.00		-9.82		-1.89		7.15
1780	59.25		69.73		-16.79		-6.57		1.37
1781	55.32		82.22		39.11		-6.04		-4.97
1782	26.06		-59.98		32.71		-4.43		6.07
1783	22.20		9.80		-68.33		-0.31		5.67
1784	78.24		-25.25		4.51		8.82		0.62
1785	45.36		84.96		83.47		-6.10		-0.60
1786	63.17		64.47		78.67		1.13		-6.61
1787	91.58		98.77		-88.87		1.44		-3.21
1788	58.46		-72.64		16.88		4.81		-0.21
1789	92.84		23.09		46.24		9.21		9.22
1790	17.49		73.85		-80.12		5.24		-4.11
1791	91.75		-42.55		36.62		-3.80		-6.60
1792	8.49		-17.22		-92.39		-6.12		8.41
1793	30.98		17.67		84.54		-5.03		7.55
1794	45.87		-33.66		87.45		1.47		-5.52
1795	33.51		43.83		-58.98		-8.04		-5.52
1796	93.79		37.77		-78.12		-7.86		0.39
1797	16.73		-28.81		33.83		1.49		8.42
1798	45.33		-82.48		-50.08		1.97		-6.19
1799	62.58		70.45		-98.13		4.01		2.14
1800	72.06		-76.88		-39.35		6.55		-4.10
1801	18.67		-6.93		96.89		5.40		8.38
1802	20.74		38.86		-83.79		-6.33		2.83
1803	75.32		2.50		-42.06		-7.02		-4.80
1804	64.55		34.51		-87.50		-5.02		1.77
1805	85.69		-74.04		43.02		-5.71		7.48
1806	71.45		79.37		-0.50		1.85		-3.66
1807	66.40		-72.95		-17.85		-1.28		-7.76
1808	37.70		-51.12		0.92		8.75		-4.74
1809	24.91		-25.89		-52.73		7.54		-5.87
1810	45.96		21.35		2.07		1.67		-6.59
1811	15.16		-33.19		-95.06		-7.99		-3.02
1812	13.46		-65.54		42.62		5.54		5.42
1813	18.30		81.98		46.83		9.03		2.39
1814	68.08		45.20		-29.05		-4.69		1.39
1815	87.77		-88.40		91.04		4.21		-9.67
1816	97.62		-62.20		-83.84		2.95		-2.02
1817	4.42		-7.21		-13.55		2.03		-6.43
1818	50.38		31.67		-69.61		-8.26		-3.52
1819	63.34		28.63		32.50		-3.39		-2.96
1820	11.88		-78.11		-5.57		3.88		6.64
1821	58.43		-8.54		3.87		-5.86		-1.60
1822	67.78		79.57		-47.37		9.27		-2.92
1823	78.23		17.71		-5.33		-8.55		4.23
1824	27.18		0.69		18.55		-3.02		8.46
1825	65.29		-32.91		98.66		3.00		-9.70
1826	60.02		6.19		-43.69		-1.64		5.66
1827	80.55		-33.74		12.55		-4.02		-2.05
1828	18.84		18.60		-60.10		-5.84		8.54
1829	15.30		54.81		77.82		-7.94		-5.94
1830	65.81		-80.64		39.18		-2.19		8.17
1831	28.44		17.29		71.33		2.82		-2.23
1832	82.30		69.81		93.94		3.06		6.01
1833	1.49		1.57		76.74		0.98		8.64
1834	26.67		-51.35		2.30		2.84		1.14
1835	2.50		-3.10		-95.05		8.58		-0.93
1836	42.54		-81.19		17.72		7.22		1.12
1837	34.36		-41.64		65.42		1.08		0.21
1838	46.52		-61.75		-83.43		-1.99		-0.38
1839	99.03		-5.21		-43.43		2.68		-9.23
1840	49.77		10.14		47.11		8.68		6.18
1841	55.28		-69.91		-52.54		-3.81		7.96
1842	19.00		-3.46		98.68		1.66		-7.93
1843	2.36		-81.51		15.61		1.66		0.81
1844	98.38		-41.82		77.80		0.21		7.78
1845	30.98		98.63		16.90		4.25		0.04
1846	82.43		74.87		-14.78		-0.38		-0.39
1847	31.35		-59.78		-12.49		-4.00		-5.93
1848	79.66		-34.66		-53.92		1.78		1.47
1849	46.83		-14.72		-18.54		-0.04		8.27
1850	80.61		45.59		83.03		7.20		4.84
1851	94.95		98.57		50.89		1.49		7.89
1852	43.66		-33.91		-59.50		-1.15		2.00
1853	21.50		88.26		-36.47		5.32		5.75
1854	6.63		-60.01		37.64		-6.82		-1.30
1855	92.46		-29.57		-83.98		5.05		-8.31
1856	51.01		88.62		-99.12		-4.46		9.15
1857	28.01		-30.87		56.62		7.60		8.69
1858	85.54		-21.11		44.39		4.17		2.54
1859	46.46		-38.39		-79.52		4.41		-9.27
1860	40.09		-66.66		88.93		1.17		0.42
1861	54.23		-48.82		1.24		8.27		2.99
1862	91.70		18.52		18.10		0.06		5.97
1863	11.89		73.02		-69.57		7.28		6.85
1864	14.04		-28.77		-44.07		-9.08		3.49
1865	22.34		-21.39		34.92		1.77		0.42
1866	54.10		-77.34		11.71		-9.61		-1.45
1867	20.30		-92.37		-33.33		2.42		0.69
1868	50.37		95.39		24.75		-5.31		-6.89
1869	13.50		59.34		-44.97		2.81		8.30
1870	11.46		7.17		-18.87		7.98		5.50
1871	18.55		-12.56		40.95		-6.61		8.67
1872	40.64		33.08		-89.14		6.38		-8.66
1873	69.61		-36.48		-17.02		-9.61		7.75
1874	55.87		17.59		-83.58		-4.21		8.33
1875	61.48		-68.88		-80.60		-5.21		-6.58
1876	22.22		-87.20		95.21		-0.40		-8.23
1877	63.75		-67.78		-47.18		-1.16		-8.92
1878	78.79		-28.30		96.73		-4.81		-6.22
1879	42.14		98.87		-78.96		-5.79		2.76
1880	18.76		-53.51		61.94		-7.95		-0.57
1881	94.15		-31.64		37.46		9.00		-5.06
1882	24.71		-97.34		-67.70		1.78		1.88
1883	87.56		97.62		95.26		3.47		6.29
1884	48.78		85.92		-33.18		0.73		9.19
1885	58.64		-94.97		71.68		7.31		1.71
1886	28.44		-77.72		49.08		-9.43		0.51
1887	54.96		38.42		-72.20		-9.85		1.30
1888	55.61		-29.19		90.90		-0.34		-9.30
1889	92.81		23.44		18.77		8.50		-1.32
1890	72.98		8.17		-74.55		-3.90		-0.73
1891	33.36		74.35		94.34		0.79		6.77
1892	4.05		-96.56		63.60		8.22		-8.80
1893	27.82		29.08		-59.70		-2.63		-2.42
1894	69.08		-11.31		8.47		-9.95		0.15
1895	12.05		-65.77		36.24		-8.76		-4.00
1896	19.57		59.77		38.23		1.92		-8.78
1897	78.94		74.34		24.66		1.98		-7.67
1898	5.27		62.49		-24.58		-2.65		0.55
1899	24.01		-80.79		7.76		2.06		4.81
1900	11.67		-50.72		-13.19		-4.59		-6.15
1901	69.11		95.89		85.79		6.25		-0.38
1902	6.19		66.18		-16.67		-2.52		-6.19
1903	70.61		19.32		-21.22		2.41		3.07
1904	53.19		9.62		16.43		-4.65		8.95
1905	47.31		38.22		-74.06		8.04		4.38
1906	17.17		70.45		26.04		5.85		0.14
1907	18.51		56.54		-20.93		2.79		-7.08
1908	58.24		70.79		13.37		-8.87		7.36
1909	91.40		-88.79		-50.88		-4.36		-9.17
1910	87.80		-51.96		-83.17		7.50		-1.27
1911	67.63		57.56		-73.07		8.94		-4.86
1912	66.10		-60.47		35.63		-6.44		-8.34
1913	3.43		-85.48		-16.24		-6.32		-7.27
1914	2.39		-3.65		-38.48		-1.50		-3.97
1915	82.60		43.58		94.16		-7.82		-1.54
1916	78.58		-93.99		-48.90		3.92		-1.78
1917	2.52		-91.60		-96.01		-3.81		-6.52
1918	3.47		61.51		6.20		-6.20		2.49
1919	95.39		-59.44		-53.07		0.83		-7.72
1920	61.84		-87.59		-67.40		-8.90		-6.54
1921	83.73		1.89		28.77		-5.22		1.95
1922	90.82		-15.66		76.42		5.44		4.17
1923	63.98		-53.85		-52.19		-4.07		-9.47
1924	50.83		-55.00		25.44		-2.58		8.85
1925	39.12		-26.23		-34.86		5.41		-5.09
1926	15.66		-65.57		94.70		2.35		0.88
1927	63.34		-4.23		90.30		2.05		9.70
1928	46.56		-79.41		-87.48		-3.80		-8.00
1929	88.16		19.49		83.78		9.09		1.98
1930	77.65		39.15		36.78		-9.59		7.22
1931	51.66		25.72		-16.47		2.19		-2.64
1932	18.64		93.91		39.11		0.30		-0.47
1933	55.81		38.46		-34.62		8.43		7.37
1934	29.11		55.54		59.36		-0.89		-4.04
1935	25.71		82.65		-8.70		-2.18		3.60
1936	44.61		-14.83		11.68		-0.17		-5.23
1937	34.61		-15.88		-77.75		-0.25		2.59
1938	60.16		54.68		41.37		-0.21		5.08
1939	78.62		82.45		41.34		-9.58		-7.83
1940	55.79		-2.72		-32.32		0.51		-1.25
1941	26.54		-71.37		-74.82		-8.40		1.98
1942	16.88		33.12		-62.48		-4.79		-1.57
1943	35.79		56.56		-97.76		-7.84		-7.66
1944	13.78		0.18		-99.58		-1.43		-9.80
1945	55.96		47.75		-52.37		-1.76		-8.76
1946	71.21		-80.19		-47.86		-1.00		-1.81
1947	80.89		-8.50		-17.83		5.86		-8.86
1948	91.95		-1.19		41.35		-3.45		-6.55
1949	31.49		-94.42		-61.87		9.33		5.13
1950	21.14		27.82		44.10		-6.96		0.54
1951	98.70		-19.87		-41.73		8.73		8.49
1952	36.08		-58.56		-75.82		7.55		-0.37
1953	59.49		-66.11		-59.71		6.67		-2.11
1954	74.96		69.25		31.43		-2.92		-9.66
1955	94.13		-37.57		-58.76		-4.39		-9.92
1956	66.92		-83.81		-7.76		-8.12		1.02
1957	61.10		95.50		53.62		8.51		1.72
1958	80.99		-95.00		-38.15		-0.05		-4.56
1959	98.21		-7.50		80.04		0.66		0.02
1960	35.19		-64.76		-44.80		-4.39		6.98
1961	33.26		-91.56		-6.00		8.91		0.92
1962	95.06		52.03		-13.71		-5.63		3.36
1963	85.88		-54.11		26.13		-2.17		4.47
1964	58.03		-70.24		-79.38		9.00		-0.76
1965	24.47		20.70		78.64		8.51		-0.67
1966	38.41		-31.65		83.57		3.20		-3.69
1967	21.57		-96.93		86.38		6.53		-0.80
1968	80.40		-32.93		85.27		1.03		-6.93
1969	30.19		-3.24		26.51		-0.25		-6.38
1970	57.72		72.17		26.26		-0.58		9.16
1971	13.76		-52.79		36.16		-9.69		-2.04
1972	51.63		19.25		8.37		1.76		0.57
1973	89.87		-43.39		-96.18		-6.62		-8.86
1974	38.86		-58.74		76.05		-4.45		-7.03
1975	54.37		26.71		-63.41		1.23		-1.93
1976	44.21		-39.79		-53.89		-3.82		-7.00
1977	16.22		-35.61		-50.13		-7.85		0.37
1978	74.33		49.87		15.95		-0.34		0.27
1979	71.62		-68.57		51.35		-3.24		2.10
1980	33.84		65.29		-35.11		-1.52		0.94
1981	26.14		91.70		-13.63		3.22		-6.78
1982	77.10		32.86		-59.59		3.73		5.03
1983	29.52		-48.23		68.52		-4.39		4.92
1984	67.89		-57.45		13.68		2.95		6.81
1985	91.39		-91.55		-26.02		6.16		-2.97
1986	75.23		-86.17		73.06		-3.05		9.52
1987	8.86		-63.06		-67.51		-6.92		-3.20
1988	72.55		-37.13		85.92		-5.10		-7.56
1989	2.04		93.98		78.17		-4.21		-1.03
1990	97.79		-85.08		56.08		0.02		-1.68
1991	65.26		54.27		-49.36		2.52		3.78
1992	64.98		96.26		9.75		-8.78		-3.53
1993	22.31		49.47		-93.49		2.95		-2.94
1994	6.83		0.78		-99.72		-6.68		9.09
1995	22.36		-64.13		-27.81		-5.35		-3.65
1996	15.88		4.91		34.44		7.82		6.79
1997	63.06		-52.82		12.84		-4.85		-1.76
1998	33.56		66.70		98.62		3.75		7.26
1999	35.52		-29.09		42.12		-9.97		6.46

Execution time for parallel: 1.074443 seconds
Time per simulation step: 0.010744 seconds
Results saved to output_parallel_dataset_2d/bodies_2d_2000.csv
