Read 10 bodies from file dataset_2d/bodies_2d_10.csv
Using 3 MPI processes

Initial state:
ID	Mass		Pos_X		Pos_Y		Vel_X		Vel_Y
---------------------------------------------------------------
0	86.86		4.33		-60.98		6.59		5.76
1	71.44		92.54		78.27		4.19		7.96
2	82.38		-38.28		81.69		-6.17		-2.65
3	85.66		-38.04		58.50		0.08		2.74
4	17.35		44.71		-5.00		3.18		2.39
5	87.17		-0.97		99.78		-2.87		-1.00
6	10.97		50.67		-92.56		-3.33		6.96
7	51.19		-3.09		-16.57		4.78		0.08
8	22.53		-57.32		21.05		-5.73		-5.50
9	57.56		-8.42		37.08		-5.82		-2.94

Step 0:
ID	Mass		Pos_X		Pos_Y		Vel_X		Vel_Y
---------------------------------------------------------------
0	86.86		4.39		-60.92		6.59		5.76
1	71.44		92.58		78.35		4.19		7.96
2	82.38		-38.34		81.66		-6.17		-2.65
3	85.66		-38.04		58.53		0.08		2.74
4	17.35		44.74		-4.97		3.18		2.39
5	87.17		-1.00		99.77		-2.87		-1.00
6	10.97		50.64		-92.49		-3.33		6.96
7	51.19		-3.04		-16.57		4.78		0.08
8	22.53		-57.37		20.99		-5.73		-5.50
9	57.56		-8.47		37.05		-5.82		-2.94

Step 20:
ID	Mass		Pos_X		Pos_Y		Vel_X		Vel_Y
---------------------------------------------------------------
0	86.86		5.71		-59.77		6.59		5.76
1	71.44		93.42		79.94		4.19		7.96
2	82.38		-39.58		81.13		-6.17		-2.65
3	85.66		-38.02		59.07		0.08		2.74
4	17.35		45.38		-4.49		3.18		2.39
5	87.17		-1.57		99.57		-2.87		-1.00
6	10.97		49.97		-91.09		-3.33		6.96
7	51.19		-2.08		-16.55		4.78		0.08
8	22.53		-58.52		19.89		-5.73		-5.50
9	57.56		-9.64		36.46		-5.82		-2.94

Step 40:
ID	Mass		Pos_X		Pos_Y		Vel_X		Vel_Y
---------------------------------------------------------------
0	86.86		7.03		-58.61		6.59		5.76
1	71.44		94.26		81.53		4.19		7.96
2	82.38		-40.81		80.60		-6.17		-2.65
3	85.66		-38.01		59.62		0.08		2.74
4	17.35		46.02		-4.02		3.18		2.39
5	87.17		-2.15		99.37		-2.87		-1.00
6	10.97		49.31		-89.70		-3.33		6.96
7	51.19		-1.13		-16.54		4.78		0.08
8	22.53		-59.66		18.79		-5.73		-5.50
9	57.56		-10.80		35.88		-5.82		-2.94

Step 60:
ID	Mass		Pos_X		Pos_Y		Vel_X		Vel_Y
---------------------------------------------------------------
0	86.86		8.35		-57.46		6.59		5.76
1	71.44		95.10		83.13		4.19		7.96
2	82.38		-42.04		80.07		-6.17		-2.65
3	85.66		-37.99		60.17		0.08		2.74
4	17.35		46.65		-3.54		3.18		2.39
5	87.17		-2.72		99.17		-2.87		-1.00
6	10.97		48.64		-88.31		-3.33		6.96
7	51.19		-0.17		-16.52		4.78		0.08
8	22.53		-60.81		17.69		-5.73		-5.50
9	57.56		-11.96		35.29		-5.82		-2.94

Step 80:
ID	Mass		Pos_X		Pos_Y		Vel_X		Vel_Y
---------------------------------------------------------------
0	86.86		9.67		-56.31		6.59		5.76
1	71.44		95.93		84.72		4.19		7.96
2	82.38		-43.28		79.54		-6.17		-2.65
3	85.66		-37.98		60.72		0.08		2.74
4	17.35		47.29		-3.06		3.18		2.39
5	87.17		-3.29		98.97		-2.87		-1.00
6	10.97		47.97		-86.92		-3.33		6.96
7	51.19		0.79		-16.50		4.78		0.08
8	22.53		-61.96		16.59		-5.73		-5.50
9	57.56		-13.13		34.70		-5.82		-2.94

Execution time for parallel: 0.000577 seconds
Time per force calculation step: 0.000006 seconds
Results saved to output_parallel_dataset_2d/bodies_2d_10.csv
