Read 1000 bodies from file dataset_2d/bodies_2d_1000.csv
Using 4 MPI processes
Using Euler integration method

Initial state:
ID	Mass		Pos_X		Pos_Y		Vel_X		Vel_Y
---------------------------------------------------------------
0	18.36		57.82		97.31		-5.27		-0.15
1	90.21		-81.67		21.83		-4.94		7.11
2	21.74		-21.91		95.62		-7.06		5.88
3	75.37		-52.50		40.43		0.26		-0.96
4	44.69		74.07		62.57		-9.50		-4.00
5	30.68		-82.05		99.79		-3.02		-2.36
6	95.33		-25.21		33.12		5.46		-7.17
7	59.40		44.42		-62.33		-8.29		-4.91
8	24.28		54.00		-40.37		-3.87		6.74
9	17.20		37.18		87.09		-2.04		7.38
10	38.47		93.18		-92.69		8.05		2.62
11	39.56		29.40		70.01		6.79		3.45
12	51.01		-81.23		50.65		-1.36		-6.48
13	62.27		-84.83		52.18		-4.68		9.73
14	83.59		-55.33		99.85		-7.83		7.43
15	50.29		73.42		28.26		8.08		7.31
16	88.71		13.30		-57.31		4.87		-4.84
17	25.90		-55.77		-91.88		4.48		4.64
18	87.91		-14.77		-19.86		-7.59		-6.21
19	42.05		-70.63		23.37		-4.76		-9.77
20	81.88		-42.35		46.30		-6.80		-4.57
21	98.30		-91.53		-32.87		8.20		-9.60
22	77.14		-11.55		-94.44		-1.82		8.74
23	39.54		-40.94		61.04		1.00		9.88
24	83.95		60.78		-4.65		-1.73		-6.62
25	62.80		92.57		-17.58		-6.33		5.31
26	34.93		50.49		-10.37		6.06		-5.24
27	64.14		96.79		-48.67		4.32		4.75
28	19.59		-13.80		-31.87		-3.23		-1.71
29	26.24		39.95		70.00		5.21		0.45
30	92.03		-29.09		-92.17		-2.25		8.25
31	68.64		10.70		65.18		7.16		2.57
32	49.33		-23.65		-77.05		-5.33		9.40
33	10.42		-15.23		39.45		-8.89		1.25
34	38.04		18.41		0.83		-7.53		2.69
35	48.11		-92.05		-44.75		-1.20		8.57
36	58.50		73.79		78.67		9.51		5.74
37	13.05		-98.49		-29.30		1.60		5.52
38	57.03		27.41		-37.28		-0.82		8.12
39	80.71		-68.60		74.27		1.68		0.37
40	98.08		94.67		-48.91		8.41		5.37
41	60.56		-62.88		-27.20		-1.29		-4.88
42	57.19		-1.71		9.80		5.55		3.84
43	15.96		-41.82		61.37		-7.13		-1.41
44	8.55		81.82		32.33		2.20		1.85
45	66.09		-37.97		67.17		-8.97		-5.84
46	45.07		86.31		-58.91		-9.35		-6.91
47	82.90		-13.04		-45.79		-3.57		2.23
48	24.78		71.22		44.92		6.22		-8.75
49	11.33		64.45		43.29		-1.42		7.46
50	95.33		75.91		-60.64		-5.86		7.35
51	45.29		-79.37		-22.32		-9.81		-6.12
52	20.26		-75.33		85.59		8.12		7.04
53	13.90		0.60		-3.13		-6.48		6.76
54	18.26		68.49		-55.79		9.16		8.87
55	19.89		-66.86		-45.28		-4.25		4.39
56	9.73		-94.94		-61.55		4.51		-7.03
57	3.00		-2.35		1.37		-1.20		7.43
58	28.37		-75.27		-59.26		6.28		-9.13
59	51.80		-24.18		2.11		1.12		-6.95
60	53.14		35.96		-43.25		-3.17		6.77
61	72.25		-27.62		17.57		-7.64		5.72
62	34.16		94.07		69.42		3.28		7.40
63	99.02		-31.62		71.21		-3.25		8.70
64	11.93		89.63		-32.77		-9.42		0.42
65	78.32		77.18		69.83		9.90		6.40
66	28.61		28.17		-42.56		4.79		8.59
67	38.78		-30.32		-79.42		2.13		1.46
68	55.85		-52.75		96.01		-4.93		5.13
69	51.60		29.07		73.36		-10.00		6.94
70	9.19		-79.79		95.47		-9.99		-4.34
71	24.55		-33.87		-25.39		7.52		-5.98
72	77.86		-16.35		59.38		-9.01		-0.43
73	54.20		74.37		92.40		9.62		4.63
74	7.39		-62.91		71.05		-1.22		2.74
75	44.11		-65.62		-37.25		9.14		0.47
76	8.83		-53.11		8.95		3.83		7.55
77	92.36		55.41		-14.74		7.95		7.86
78	46.15		-75.01		-45.17		2.92		7.07
79	51.87		86.13		-47.05		-4.47		4.80
80	4.85		34.47		92.62		-4.05		2.25
81	13.48		44.83		16.13		9.34		-3.42
82	3.97		-11.30		-77.34		-2.45		7.32
83	81.46		-0.48		-5.43		-2.54		-2.52
84	10.50		-35.98		-12.02		-2.15		-4.61
85	64.44		20.18		-15.33		-7.40		2.67
86	22.69		-23.89		-30.45		-1.88		-7.63
87	88.90		-46.42		-36.36		1.73		6.68
88	99.92		32.46		-16.34		6.32		6.69
89	16.92		-80.25		14.33		1.13		-6.31
90	49.89		-84.88		73.67		1.65		4.61
91	56.71		-9.47		52.78		-6.40		-8.37
92	76.04		-95.42		69.29		3.67		1.66
93	29.75		-9.36		-52.62		4.48		-9.09
94	98.14		38.78		-29.86		4.70		8.19
95	56.14		1.61		-74.66		1.70		2.72
96	5.86		99.42		-40.70		-0.45		-9.54
97	82.83		-38.29		42.99		-5.02		9.45
98	88.30		52.46		7.37		-4.40		4.98
99	86.54		-68.22		89.25		-8.67		8.56
100	72.71		90.98		-82.99		-9.72		0.57
101	79.93		16.96		-32.60		-2.83		-3.81
102	29.40		42.29		-73.58		4.94		3.52
103	49.36		60.83		40.18		2.60		-7.52
104	46.98		40.79		-79.52		7.98		3.37
105	16.11		-28.09		-59.59		-8.57		-7.45
106	4.33		-68.75		-98.03		1.30		-9.61
107	50.61		-93.10		-85.81		-2.00		2.27
108	34.00		76.82		69.76		-8.74		-8.60
109	83.15		34.62		-75.21		-4.89		-6.19
110	73.42		43.06		-51.01		2.25		4.23
111	66.10		30.93		-29.63		-4.03		1.20
112	10.93		78.55		-42.57		0.85		-5.86
113	62.79		2.85		-37.74		-3.06		5.72
114	97.38		30.32		35.32		-0.96		-9.69
115	19.43		-3.63		-69.51		4.34		-3.93
116	36.51		-23.94		-55.10		-6.73		1.10
117	61.19		-79.25		-42.22		4.81		6.83
118	13.97		-70.32		-39.35		6.38		-6.67
119	17.71		-91.82		90.93		-8.66		-1.66
120	91.41		-52.07		17.54		6.35		-2.35
121	42.07		-44.68		69.64		-5.19		-8.36
122	88.97		31.45		16.02		8.98		-6.98
123	28.87		-93.50		-11.48		-5.07		5.04
124	51.53		-53.74		78.91		3.74		0.80
125	49.43		-19.35		-57.95		-2.11		5.50
126	57.16		70.08		-86.71		-1.97		0.86
127	16.29		63.89		7.64		-2.90		-1.86
128	80.79		-93.35		83.24		-9.90		5.93
129	46.17		54.43		-65.32		-6.24		0.16
130	52.77		90.76		-70.32		-0.80		-0.95
131	68.21		-6.40		-71.19		6.08		4.08
132	48.84		-18.96		-18.92		3.32		-1.22
133	13.91		63.30		32.54		-1.03		3.33
134	74.45		19.24		-66.37		6.65		4.62
135	52.14		55.84		-25.21		8.22		-2.74
136	82.21		-75.30		46.91		8.58		5.13
137	15.70		-75.33		-36.57		2.20		-9.78
138	65.18		95.35		-93.85		-7.19		-8.06
139	10.24		-40.41		97.17		-8.21		3.42
140	95.98		-26.52		-71.34		6.41		6.99
141	99.98		-78.37		-53.24		2.28		-0.25
142	75.57		83.41		93.27		-7.97		-3.40
143	39.87		-21.42		28.54		6.76		-9.55
144	39.52		91.05		-28.14		-8.14		-1.59
145	52.46		79.73		-94.09		-6.36		6.05
146	47.12		-9.70		-49.11		4.29		-9.59
147	11.06		80.06		35.35		8.45		-8.32
148	78.41		-13.46		15.85		4.94		-7.91
149	94.34		-86.74		83.44		3.86		-1.77
150	49.59		-95.92		16.98		7.52		4.84
151	90.77		80.99		-1.23		6.60		5.65
152	66.40		53.85		99.53		-6.26		-9.04
153	82.82		-31.27		70.70		-0.75		1.10
154	3.41		-74.04		25.33		1.32		0.18
155	51.13		26.75		6.08		7.49		-0.86
156	61.68		23.05		-73.46		-3.29		-1.42
157	78.21		29.86		16.74		9.81		-0.21
158	10.54		-58.40		8.71		-5.31		5.21
159	75.41		-57.84		66.85		-8.32		1.86
160	64.29		36.46		-19.12		-9.94		-0.78
161	1.91		1.86		4.12		-5.35		-8.57
162	5.75		-52.93		53.11		-4.33		-7.97
163	35.01		94.52		-51.03		8.37		-6.80
164	52.14		-30.56		33.36		7.58		9.75
165	34.86		-62.50		-60.65		5.64		-0.72
166	67.75		-82.11		-32.41		-1.23		-4.56
167	41.49		-73.01		-16.81		-3.05		4.91
168	45.76		-77.29		0.88		1.33		6.47
169	84.58		44.95		74.89		4.53		-1.36
170	26.99		98.50		-74.74		-1.54		-5.67
171	86.91		-17.40		51.99		-1.33		9.30
172	20.39		84.71		-90.55		-0.93		-2.45
173	94.18		10.31		84.44		-8.03		8.66
174	2.83		-42.13		44.02		-1.15		5.92
175	35.55		-73.82		76.09		-6.12		8.59
176	95.52		-69.64		-51.67		2.28		0.25
177	73.28		-65.89		76.67		-2.96		3.87
178	41.96		38.12		-74.58		1.94		-0.61
179	14.24		-37.08		-4.32		-8.62		-3.88
180	29.18		13.81		-58.09		-4.56		8.48
181	37.08		19.87		-38.82		8.36		-0.20
182	13.01		18.87		62.48		-7.36		-5.35
183	67.56		58.10		70.07		-2.48		2.48
184	86.03		17.10		-1.04		4.63		-0.07
185	90.78		3.88		28.31		-4.94		2.08
186	4.74		-3.12		-33.98		7.84		-6.67
187	98.80		-69.37		15.01		-0.53		1.80
188	22.27		-50.66		1.55		6.35		9.64
189	34.15		-92.65		-89.53		-2.40		-6.69
190	59.44		-21.47		49.43		-5.82		-4.12
191	94.01		-21.41		52.01		7.14		-8.64
192	91.46		93.34		-29.78		8.42		8.20
193	35.75		55.25		77.71		-3.81		-5.34
194	30.27		62.29		-60.57		-6.34		4.51
195	3.76		-47.68		6.56		0.61		-0.87
196	59.47		-87.61		-99.12		-4.76		-0.87
197	90.34		-50.73		-63.75		3.54		-1.87
198	8.85		-86.59		-53.73		-5.41		-8.18
199	52.47		48.16		39.95		-4.40		-3.28
200	32.20		-31.84		11.98		1.74		3.98
201	17.36		73.83		25.51		1.19		6.11
202	55.35		80.31		56.97		7.91		4.32
203	45.18		-72.31		64.61		-0.48		-5.60
204	85.53		-6.40		-87.55		4.45		-3.71
205	26.53		-57.52		-42.69		-9.59		-1.79
206	1.16		31.24		80.33		6.23		-1.16
207	79.08		-98.28		76.27		-1.05		7.74
208	18.27		26.92		84.48		-4.05		-5.63
209	70.00		-79.97		20.08		-5.91		-2.76
210	20.35		-37.61		57.64		-0.75		8.31
211	78.68		-9.51		42.70		2.47		-6.32
212	22.14		-48.14		-33.67		5.62		7.08
213	3.24		-29.62		-45.68		-3.83		-7.76
214	67.75		87.22		65.21		6.23		9.42
215	77.75		-78.83		45.60		-0.73		-6.06
216	78.81		43.32		-17.15		4.37		-0.11
217	49.10		14.77		-13.00		0.23		0.84
218	53.87		26.48		-66.58		0.15		5.04
219	50.33		53.23		68.58		9.90		8.83
220	10.46		23.79		-2.31		8.11		3.76
221	80.59		14.31		21.75		-4.70		-8.33
222	13.48		-39.97		25.33		-3.15		2.63
223	42.55		50.32		49.79		-7.96		-0.01
224	57.91		-76.15		-12.89		0.63		7.65
225	24.66		64.98		-29.14		9.89		-2.34
226	52.89		-3.94		52.15		6.79		7.70
227	89.98		-88.38		-83.75		1.25		-2.78
228	68.60		68.82		6.33		-7.41		-7.61
229	29.87		-20.24		-9.23		2.66		-3.37
230	19.46		-43.83		37.26		-1.99		-6.70
231	36.94		38.22		55.73		-3.93		3.50
232	90.17		6.18		41.95		4.41		0.69
233	54.94		45.77		32.16		6.83		-6.34
234	86.68		-10.98		-92.42		2.50		3.84
235	88.48		-81.75		5.71		1.97		7.20
236	42.85		-80.30		88.03		-2.08		6.14
237	43.86		71.28		89.69		-0.52		-1.26
238	32.41		-96.55		-88.90		0.87		-9.02
239	77.97		-89.58		-45.49		2.24		-0.36
240	26.54		-47.03		-31.53		9.18		-1.05
241	17.55		-77.25		81.30		-3.65		9.08
242	22.24		15.61		77.38		1.47		-5.65
243	48.27		-83.81		49.26		-4.33		-7.10
244	55.14		38.26		-18.80		3.95		7.53
245	70.04		18.33		-39.02		2.57		2.96
246	38.26		30.02		-32.67		7.67		-9.91
247	43.72		10.44		-53.82		-2.05		6.18
248	49.22		3.38		-90.37		6.32		7.06
249	69.19		82.14		42.68		3.83		-6.10
250	93.27		42.38		74.80		6.05		-7.14
251	39.63		-99.10		-34.73		-2.29		-5.52
252	88.88		-50.48		71.27		5.48		4.55
253	95.71		-62.01		28.48		6.89		7.25
254	36.92		0.24		-31.52		-6.92		6.20
255	54.96		-38.54		-22.48		9.86		-6.62
256	38.85		11.52		16.65		-4.48		-9.03
257	98.49		35.28		76.23		-1.84		6.50
258	34.03		-35.44		90.01		-2.57		-8.99
259	63.41		75.81		34.99		7.19		-4.92
260	8.07		-39.93		47.60		-0.20		7.61
261	1.85		75.76		-1.98		-6.78		0.37
262	84.35		47.74		34.45		-1.09		-8.20
263	39.51		8.27		-89.95		9.37		-1.15
264	75.37		25.18		-78.93		9.60		-0.76
265	32.99		-3.17		62.54		9.66		6.16
266	25.71		37.75		95.40		-8.59		-5.60
267	26.73		-64.96		64.97		-8.22		1.00
268	85.65		-16.83		58.57		1.28		8.95
269	66.69		37.33		38.35		-8.83		4.79
270	99.83		-28.07		-78.89		3.68		7.51
271	21.51		-39.14		7.26		2.89		6.82
272	70.18		-65.78		-96.02		-6.70		0.98
273	5.93		-17.96		94.95		1.88		8.16
274	97.38		63.93		55.02		4.37		0.12
275	17.16		-4.31		73.15		9.23		-7.74
276	18.29		39.39		-54.54		-2.49		-1.86
277	25.34		-34.29		-66.95		-4.75		-9.40
278	39.76		-12.13		-96.44		-4.37		7.18
279	90.59		14.01		94.95		-6.16		2.77
280	60.25		25.41		77.67		8.19		-3.60
281	87.92		90.57		16.88		1.73		0.80
282	78.51		17.65		21.40		2.69		1.64
283	75.86		-49.02		20.26		-2.75		4.62
284	51.71		-6.60		76.41		8.94		-4.41
285	14.73		11.41		-16.97		8.82		-1.30
286	46.10		24.84		65.41		-4.79		1.68
287	4.07		-74.28		60.25		6.93		-4.88
288	19.34		-13.72		-32.76		9.40		-5.62
289	59.11		55.17		53.77		6.04		-5.03
290	18.46		-80.05		-6.14		-4.00		7.13
291	1.12		-92.47		91.79		-6.46		1.75
292	12.90		-64.45		-79.18		1.03		8.22
293	80.42		34.39		14.73		-8.93		9.90
294	7.80		50.84		92.72		6.24		-3.11
295	90.99		-26.07		27.63		5.77		2.09
296	4.46		85.59		-43.12		-7.96		-6.66
297	78.43		-47.52		-56.77		0.36		1.80
298	36.13		-83.34		-33.80		-8.85		-0.10
299	32.17		-24.38		0.87		-8.39		7.74
300	63.42		-5.50		-66.05		-9.90		-0.85
301	46.93		-75.32		7.20		-8.91		3.23
302	69.63		28.87		31.14		7.84		-3.45
303	88.55		1.61		40.81		1.60		-7.34
304	94.83		83.26		-23.99		-6.77		-2.14
305	37.50		-65.31		93.42		5.91		-8.73
306	91.53		6.95		-63.51		-4.43		2.73
307	80.85		98.03		77.52		-0.19		-5.99
308	8.96		89.66		-17.95		-8.27		1.29
309	54.13		-57.00		-87.75		-5.35		-2.91
310	90.79		56.72		1.13		-8.37		5.09
311	1.47		7.40		-92.89		-3.44		-8.01
312	51.38		-77.97		19.19		3.87		-9.63
313	41.85		-6.66		26.59		0.32		-2.61
314	97.16		5.31		-49.34		5.41		-1.67
315	9.91		-80.59		48.36		2.69		1.50
316	83.18		97.07		-54.23		1.18		-9.53
317	11.96		7.91		-43.24		5.74		4.28
318	13.97		-73.06		-92.47		3.05		0.98
319	1.41		-41.77		-1.91		-4.54		4.48
320	14.75		-88.83		-85.61		3.59		-2.28
321	94.58		-81.39		-82.37		-7.72		1.72
322	83.97		91.13		-49.44		2.79		9.46
323	9.74		58.66		-90.71		-0.37		1.47
324	47.61		-1.12		-88.32		-1.11		-1.84
325	82.45		-85.47		-33.91		1.87		0.60
326	47.65		-98.52		-28.32		2.67		-2.35
327	2.99		-74.31		26.18		3.64		-9.60
328	48.06		58.49		-9.56		-4.34		0.54
329	80.26		-83.36		29.12		0.33		2.37
330	72.51		-66.87		-45.82		9.32		0.63
331	77.61		-25.53		95.98		0.66		6.12
332	60.65		-94.66		52.72		9.50		0.57
333	93.88		-89.02		-6.63		-6.85		-0.85
334	68.01		-74.02		74.48		8.63		9.87
335	41.96		-99.50		24.59		4.31		-4.33
336	72.41		52.04		-11.83		0.88		8.11
337	64.41		88.56		87.58		-2.57		3.77
338	33.58		78.46		-3.75		2.76		7.16
339	89.30		80.33		58.49		5.37		4.13
340	39.64		-68.60		17.43		-3.07		5.99
341	49.53		5.40		78.91		9.48		-9.05
342	83.37		68.71		38.42		5.70		-5.00
343	40.25		49.70		90.04		-2.77		2.41
344	3.71		61.71		48.89		1.60		3.24
345	51.54		18.39		41.21		-0.42		-6.44
346	4.90		77.74		-72.25		-1.73		3.98
347	19.55		-5.91		40.05		-9.46		-6.04
348	93.77		35.89		27.92		-5.41		4.14
349	90.11		-89.53		-53.10		7.16		7.91
350	87.64		-98.01		40.49		-0.58		-0.20
351	80.38		55.26		-59.87		-4.50		-4.59
352	42.77		10.01		15.18		8.05		4.44
353	12.24		-7.72		-18.54		-0.90		-5.02
354	46.18		74.73		-93.03		4.58		-4.59
355	74.92		9.68		51.25		-8.78		1.63
356	89.23		-81.94		-36.98		5.53		-7.85
357	97.69		26.78		55.68		5.58		-7.06
358	66.72		-67.35		69.20		3.72		-2.22
359	75.10		-13.48		62.17		-2.38		0.42
360	95.64		73.03		-99.69		-5.34		0.02
361	45.83		71.04		-80.26		-0.28		7.65
362	85.79		-26.44		96.98		8.35		2.99
363	28.69		43.95		36.48		4.52		-1.20
364	83.07		28.29		-90.70		-3.22		4.46
365	73.70		21.81		-29.58		6.37		2.13
366	59.19		65.19		-14.55		-6.07		-3.61
367	83.29		-29.56		-51.65		-4.36		5.97
368	20.82		29.85		84.54		-4.39		-7.66
369	82.95		84.72		46.57		6.75		-1.72
370	45.04		-10.05		73.92		5.49		-5.29
371	99.00		21.12		84.24		9.91		-8.71
372	59.49		61.04		-91.02		-5.01		-0.97
373	88.37		-12.47		71.58		-3.39		7.25
374	25.72		-16.77		65.60		2.21		8.72
375	99.98		98.84		30.98		2.83		2.07
376	90.95		-66.07		77.75		1.55		-3.19
377	61.58		-23.96		99.87		-3.41		5.51
378	89.86		-93.32		-78.14		1.38		-8.31
379	22.63		33.56		93.12		8.82		-7.01
380	26.91		-85.55		-78.86		1.28		-7.76
381	43.01		27.95		-40.21		7.22		0.24
382	82.34		96.26		-85.97		-9.32		1.56
383	48.41		-17.24		-70.53		9.19		5.40
384	49.39		13.49		-54.49		3.95		7.69
385	63.71		11.06		74.72		-2.63		-7.83
386	55.07		-64.34		21.48		-1.33		1.35
387	55.02		-40.07		-38.49		1.69		1.00
388	98.01		69.83		5.21		-4.55		5.04
389	46.15		-2.28		86.84		7.25		2.99
390	2.94		-47.23		-74.44		-3.45		-8.26
391	40.29		-81.90		-90.98		-1.32		1.47
392	53.00		-72.72		62.54		3.42		-4.83
393	24.97		-2.12		74.67		0.26		6.76
394	67.15		-44.63		95.33		9.73		4.06
395	37.95		7.27		17.16		6.88		-5.27
396	76.93		-41.19		-28.00		-8.47		-7.54
397	51.81		58.71		-79.55		-1.49		7.00
398	4.43		76.03		83.09		3.45		-7.81
399	78.57		-7.95		89.74		9.10		5.33
400	98.70		-44.71		37.98		8.90		-0.54
401	73.33		-89.72		45.22		3.05		-1.60
402	17.13		72.82		71.39		-4.06		7.77
403	63.67		21.53		-43.18		1.94		2.63
404	91.04		-96.39		-87.66		-2.70		-6.77
405	85.87		-57.89		2.21		9.63		6.58
406	32.93		-85.58		-7.11		-3.41		6.27
407	89.48		43.77		26.85		9.52		-8.27
408	67.13		56.14		-68.30		5.09		-3.24
409	52.73		-45.69		52.79		1.16		-0.03
410	93.57		-77.45		97.72		-2.91		5.09
411	75.20		90.63		-10.69		4.95		-9.15
412	46.01		-48.06		-44.40		-1.96		1.79
413	51.69		88.72		-81.87		6.83		3.26
414	7.60		-9.33		37.05		-4.55		-8.25
415	12.25		85.54		44.12		-5.50		-8.06
416	29.98		19.35		51.13		-1.89		-9.50
417	64.08		87.06		-23.03		0.32		-1.79
418	75.87		-7.89		-92.35		-1.86		4.47
419	70.48		-17.56		-58.12		-6.79		6.10
420	10.61		-57.72		-53.16		6.15		-2.34
421	25.07		-27.78		50.84		-4.64		-3.23
422	80.80		-72.19		74.81		1.52		-6.68
423	28.05		15.04		14.06		9.25		9.50
424	80.57		-24.99		98.97		9.36		1.62
425	32.66		26.49		-52.37		-2.64		9.45
426	7.06		74.70		-93.30		9.12		2.50
427	66.70		82.34		-81.88		-1.77		8.70
428	90.75		-78.18		55.04		-4.53		9.94
429	70.05		49.79		-45.08		0.56		8.60
430	10.80		71.28		-27.58		-5.42		9.05
431	85.03		-89.78		98.58		-4.34		-2.95
432	99.64		-74.54		38.19		7.47		-8.78
433	33.09		86.11		-19.81		6.70		7.40
434	73.01		-44.79		-19.33		9.60		7.76
435	94.21		45.45		52.65		-2.50		5.27
436	87.29		-65.07		-63.08		-9.43		-3.04
437	74.11		-80.20		-7.36		9.03		-5.54
438	21.04		16.46		10.53		-8.98		2.33
439	66.99		-64.87		1.98		-6.45		-9.04
440	75.37		-58.18		54.85		3.13		-1.46
441	36.72		39.06		63.76		1.10		5.75
442	57.19		30.09		26.83		-7.33		2.69
443	8.60		-65.63		21.87		5.46		-3.74
444	23.39		-26.85		-54.06		-6.75		-3.68
445	25.69		79.78		88.19		-0.58		6.29
446	87.79		42.79		-60.87		5.13		-0.56
447	81.69		-97.68		61.76		4.56		5.07
448	40.28		-36.78		-71.94		-8.17		6.84
449	80.55		-51.61		56.02		-5.77		3.06
450	2.79		0.64		-15.67		-6.30		-0.92
451	12.80		37.37		49.02		-2.29		-7.81
452	5.28		-51.96		-37.94		4.44		2.12
453	75.88		-14.84		-36.47		5.12		6.19
454	60.50		38.37		-31.06		-9.48		-3.00
455	38.97		56.71		92.41		-3.23		5.41
456	79.86		-94.44		-1.30		7.10		6.76
457	40.91		-38.69		15.36		1.44		3.42
458	85.51		82.76		-71.58		-8.64		-1.08
459	95.73		69.09		16.26		-1.20		-8.94
460	98.85		70.24		-31.70		-0.80		9.50
461	83.17		-84.14		-28.91		-1.61		-6.40
462	45.33		-47.57		-64.20		9.10		6.16
463	29.75		-89.08		-22.22		-8.35		-5.76
464	44.20		-99.30		-18.32		4.31		-8.37
465	58.05		79.46		-40.24		-6.98		-6.28
466	44.24		23.30		73.60		-1.37		9.73
467	53.42		69.81		30.16		4.72		-6.93
468	9.82		-73.23		78.92		5.57		4.01
469	1.80		82.76		-28.55		-7.10		-7.69
470	5.58		-65.91		-64.29		2.79		-2.92
471	52.59		45.72		-15.56		4.12		4.33
472	97.62		18.27		-41.83		2.86		3.46
473	63.66		-71.76		-41.20		-3.47		7.00
474	55.87		86.77		64.25		2.99		-2.49
475	41.23		34.69		77.43		-2.58		-1.50
476	48.49		7.55		-82.34		-5.77		-5.27
477	86.52		-28.94		-6.90		-8.49		3.47
478	71.36		-47.35		-97.72		-8.67		9.40
479	78.93		-86.13		-57.11		-3.69		-7.69
480	65.71		90.01		49.49		-2.38		6.93
481	61.32		34.59		-54.35		-5.61		-2.28
482	49.52		-79.88		82.27		-7.19		6.90
483	50.63		-39.10		35.93		-3.11		3.64
484	88.22		-64.45		1.73		0.96		3.38
485	13.06		-65.86		46.13		-5.52		3.57
486	88.05		42.26		-66.96		8.15		9.96
487	30.14		28.06		-74.54		-4.74		-4.82
488	72.14		-91.10		18.98		-0.65		-1.31
489	40.37		34.47		-14.30		-0.93		9.48
490	57.58		83.32		-89.10		-3.59		4.23
491	94.40		42.10		-91.12		-1.32		7.26
492	4.99		-51.09		98.70		-7.62		0.36
493	23.33		5.14		68.23		2.81		0.81
494	14.19		-82.42		-40.70		-6.66		5.46
495	12.06		99.55		-6.87		6.19		-3.65
496	14.07		-26.68		-63.33		9.96		0.46
497	64.61		62.83		42.09		4.40		-1.08
498	73.12		-44.36		70.18		-4.56		-7.92
499	66.13		18.41		-64.12		5.39		-3.00
500	30.81		50.96		61.78		4.58		-3.84
501	40.86		-88.32		-98.95		8.23		5.62
502	25.67		8.62		-84.90		5.35		-2.83
503	4.72		55.78		-6.84		-0.84		3.79
504	78.22		-31.37		-78.16		-1.94		-4.09
505	26.37		70.51		14.05		5.78		8.07
506	87.21		13.87		-68.89		8.83		1.51
507	4.66		80.87		81.93		-9.50		6.45
508	28.30		-48.20		61.03		5.77		0.89
509	41.39		71.11		18.79		3.11		9.70
510	83.63		-99.98		99.78		-6.45		2.79
511	22.85		58.61		-10.93		9.55		-5.79
512	74.34		-7.85		14.68		6.69		-4.04
513	39.97		56.62		-88.32		9.03		-9.56
514	68.21		-85.69		-63.54		9.89		5.92
515	94.76		18.15		80.09		-5.47		-9.51
516	74.76		59.24		31.33		-9.60		-9.47
517	71.42		45.30		-70.46		-6.16		6.08
518	27.79		-70.56		29.52		-9.63		2.23
519	31.42		-27.75		-76.29		-7.39		-4.77
520	46.05		64.21		-83.27		5.72		0.72
521	94.56		-55.32		-46.63		3.66		-8.11
522	22.02		42.02		19.09		-7.90		-1.26
523	44.19		27.47		87.75		3.19		-1.89
524	76.38		-24.32		-33.14		-2.57		-4.07
525	27.46		88.83		63.01		-3.94		-3.75
526	22.91		51.53		-17.33		0.24		0.64
527	57.30		96.67		57.24		-6.91		2.15
528	25.04		-4.31		29.90		-3.83		-9.76
529	97.52		64.16		15.02		7.63		-9.60
530	85.85		27.31		93.52		1.94		8.09
531	66.88		71.52		10.19		-6.04		8.37
532	83.68		36.49		-45.76		-5.58		4.87
533	49.74		-97.25		63.15		-9.54		8.79
534	26.98		-6.46		-28.66		4.84		4.64
535	99.53		-16.37		-70.31		6.72		-3.86
536	59.16		66.99		48.60		-5.31		6.03
537	69.37		54.61		-57.58		2.26		0.66
538	54.80		12.72		19.11		-2.53		9.34
539	53.65		53.09		81.36		7.66		-6.76
540	59.79		-0.19		-60.04		1.42		-6.69
541	91.67		-12.95		-90.43		-6.07		-6.74
542	16.76		-7.39		35.05		6.11		-0.75
543	82.49		61.77		-72.21		0.51		7.56
544	96.59		5.66		66.26		-7.26		-4.36
545	44.27		-31.39		-19.37		-9.04		7.52
546	45.60		-79.98		-70.74		-8.37		-1.92
547	13.90		31.48		19.29		5.61		1.67
548	34.24		27.13		-14.72		7.63		0.80
549	21.05		-89.39		-42.88		5.85		-6.71
550	7.08		-76.04		66.43		-4.65		-1.09
551	5.33		-58.28		24.66		5.55		-6.01
552	13.08		4.62		26.55		7.04		-2.54
553	57.37		69.06		-46.84		8.91		7.76
554	90.88		87.42		68.02		-8.24		-6.28
555	28.58		-3.14		72.09		2.00		5.67
556	42.76		-29.58		-52.38		3.77		-6.12
557	79.57		84.27		-74.94		0.45		9.18
558	92.93		95.05		88.23		-0.05		6.54
559	50.61		81.74		39.50		8.08		9.00
560	26.50		8.63		22.76		-2.96		-5.33
561	9.21		32.86		61.52		-5.06		0.12
562	18.78		6.70		49.50		4.69		5.30
563	62.95		4.45		-55.20		9.31		-2.56
564	64.89		-95.57		-72.01		-2.09		-5.81
565	63.76		-25.92		-82.37		-5.76		0.06
566	10.07		80.74		55.31		4.15		-9.55
567	44.31		-64.07		26.28		-6.36		-0.30
568	75.24		-28.60		13.49		-7.49		2.35
569	85.42		6.40		-46.48		7.20		6.56
570	65.80		-59.88		63.87		-4.69		2.03
571	52.33		71.09		-55.42		4.16		7.02
572	22.24		18.60		-22.80		-8.87		-8.13
573	7.75		-36.26		-63.45		-7.18		-8.43
574	34.34		45.53		34.69		7.75		5.86
575	65.11		-64.25		-42.13		8.50		-2.23
576	6.86		-24.68		-79.59		-3.72		-3.23
577	62.93		0.55		68.07		-1.99		5.36
578	73.56		-76.26		-39.74		-5.58		6.63
579	3.07		87.14		23.62		5.50		3.50
580	82.76		-69.24		-28.97		4.40		8.04
581	72.17		83.01		-7.21		-5.40		0.72
582	62.07		24.78		-72.11		-1.20		-9.91
583	71.71		-17.45		19.84		2.94		-9.78
584	15.01		24.92		-17.67		-8.47		9.05
585	63.10		90.87		-37.91		-4.31		4.30
586	45.80		68.19		64.72		-2.87		-4.73
587	13.12		57.75		93.72		-1.05		0.66
588	65.81		-32.02		82.13		1.08		-4.10
589	55.73		-22.42		-56.95		-1.71		0.39
590	95.31		49.53		-82.77		-5.59		9.38
591	61.31		-21.81		14.28		9.49		7.00
592	36.82		-59.49		-78.36		-8.29		5.41
593	90.04		-96.92		-93.09		5.72		-5.78
594	33.50		14.01		-66.98		-1.12		2.77
595	16.06		20.08		74.49		-8.22		5.24
596	63.94		25.05		33.05		7.59		-7.74
597	53.89		-60.40		-3.19		-6.12		3.19
598	44.79		-5.99		35.51		8.73		1.67
599	12.38		71.86		97.92		-8.78		4.03
600	58.73		-14.93		35.90		8.92		4.92
601	45.34		92.36		70.14		-9.32		-4.62
602	60.70		-3.12		-26.10		-7.36		9.46
603	3.70		-21.62		78.02		-9.74		-5.50
604	66.67		-26.99		97.23		-9.41		0.36
605	46.86		65.59		-45.06		-8.96		-7.65
606	98.87		22.42		-94.29		-3.28		-3.84
607	84.96		91.00		11.81		-6.48		4.31
608	49.00		78.45		-1.61		0.44		6.38
609	59.80		19.47		37.30		-1.90		1.00
610	57.89		-62.18		40.71		-8.16		2.86
611	72.17		29.70		-67.58		-9.68		-2.38
612	44.74		-12.00		15.38		-6.91		-9.74
613	69.01		-38.45		80.45		2.22		-5.49
614	48.69		79.24		54.81		-5.20		-5.37
615	96.04		-72.82		46.73		-9.94		9.16
616	68.51		-37.20		-48.66		-1.74		9.06
617	80.11		-24.26		0.22		-8.07		1.58
618	30.56		-54.52		-39.45		0.48		-4.85
619	51.91		-24.70		66.95		4.77		8.04
620	48.35		11.73		-82.48		-0.26		-0.70
621	64.92		68.77		24.73		5.46		5.30
622	41.31		-92.56		-93.02		0.86		-8.36
623	86.51		35.85		-83.80		-5.78		-3.20
624	54.73		-17.60		52.30		8.74		-0.11
625	28.23		-47.47		65.46		9.99		8.30
626	45.36		-71.41		96.71		2.63		-1.44
627	72.28		70.26		51.94		-7.59		8.62
628	76.60		9.74		21.48		6.30		9.54
629	42.55		-57.65		55.86		7.19		5.43
630	61.47		42.07		80.48		2.80		-0.94
631	2.28		76.13		-25.46		7.93		-5.28
632	19.03		59.55		-69.69		-1.26		-5.70
633	91.37		-66.22		-64.99		2.18		9.99
634	24.66		4.83		78.23		1.69		-1.57
635	53.97		-90.98		-5.26		7.38		-3.69
636	17.78		79.34		36.74		-2.05		-5.75
637	1.51		-28.40		70.24		-3.52		-8.05
638	44.92		-56.35		-24.95		5.45		9.29
639	92.55		72.77		-1.38		3.74		-3.58
640	4.50		-83.39		47.63		-2.54		-4.45
641	50.15		-41.57		-43.50		1.95		-4.38
642	72.28		-41.23		-40.51		-9.03		8.22
643	8.08		-47.84		74.14		4.46		-0.23
644	55.24		-59.84		49.91		-1.64		-2.56
645	89.58		59.43		32.80		-7.75		-6.71
646	60.17		38.69		70.07		-1.13		6.04
647	81.15		83.36		46.08		-1.81		-3.02
648	59.41		86.71		0.33		2.45		-1.49
649	36.87		94.24		99.10		-0.04		1.38
650	86.58		40.58		-12.32		4.32		-9.59
651	27.79		-9.23		24.56		3.01		-9.76
652	42.83		13.73		-25.62		-0.59		2.80
653	49.87		11.79		53.53		2.71		7.06
654	96.38		-96.84		-53.59		9.83		-4.23
655	59.93		26.99		-50.98		2.61		-5.19
656	87.00		80.31		83.17		9.40		6.57
657	28.58		-5.71		-17.20		-9.51		4.83
658	95.16		47.05		-37.06		-8.31		-4.88
659	55.41		92.20		-43.71		9.35		-2.00
660	11.12		-26.25		-88.22		-3.07		-1.90
661	63.05		82.90		79.23		-6.84		-4.42
662	46.15		69.09		-57.61		4.69		5.03
663	3.83		-81.75		-18.01		5.61		-0.29
664	90.47		-19.80		1.05		-1.22		6.76
665	51.43		-36.81		-77.41		0.22		-1.40
666	42.12		-71.91		-96.52		7.42		5.72
667	85.44		60.02		-83.23		-8.97		-4.03
668	78.32		35.63		-21.49		-1.37		8.05
669	78.30		-50.51		-11.24		-9.70		-0.71
670	47.93		85.50		67.09		5.07		0.69
671	53.21		96.24		13.51		-0.26		-6.01
672	17.67		-79.25		88.13		2.66		-5.20
673	45.16		-72.32		8.15		-6.59		1.95
674	39.46		42.47		49.41		-0.21		1.07
675	6.58		-19.29		-13.85		3.28		-9.78
676	13.14		-35.81		92.54		0.25		6.01
677	61.54		-66.71		40.53		1.13		8.96
678	47.62		-24.30		-65.59		-3.62		5.25
679	25.72		23.98		94.00		-4.72		-1.21
680	96.20		97.10		76.41		9.20		7.10
681	12.75		-96.92		-76.47		-7.98		4.14
682	56.82		-46.13		39.97		-7.13		-5.07
683	10.26		6.97		-39.94		6.58		3.18
684	83.95		22.48		35.26		-1.74		-3.88
685	41.85		-78.89		37.81		6.41		-2.05
686	4.94		96.30		-48.13		-0.67		-9.78
687	13.37		52.01		16.35		-2.52		-9.97
688	43.63		81.48		-17.01		-9.97		-5.11
689	35.32		22.56		38.72		-6.21		2.87
690	61.10		-24.15		34.75		3.73		5.34
691	23.67		74.01		95.14		-9.40		-9.52
692	82.57		-9.78		-36.88		4.69		-4.63
693	23.94		2.77		24.30		-2.67		6.43
694	65.22		95.50		-35.47		-0.40		6.13
695	1.31		-99.82		39.41		0.98		-8.39
696	92.29		29.79		69.32		-8.29		-1.63
697	35.90		-10.74		-44.08		9.49		-8.54
698	78.80		-55.81		75.48		3.06		-1.82
699	81.73		55.24		10.45		8.19		-7.94
700	22.07		-88.50		-84.25		5.31		-0.55
701	24.31		40.90		-9.28		0.14		-3.81
702	4.56		-67.61		-25.07		9.56		0.02
703	52.47		-18.02		-72.12		7.06		-3.97
704	88.09		-87.00		-30.65		8.88		-5.12
705	5.12		22.41		14.69		2.67		2.97
706	78.99		95.01		60.56		-5.56		3.01
707	74.75		-31.31		-66.18		1.24		-3.98
708	48.18		-98.66		58.69		-2.83		7.29
709	47.01		50.85		-73.80		1.81		-2.03
710	29.23		-75.98		-95.52		-4.66		-8.62
711	21.13		-31.27		3.06		-2.38		0.03
712	78.93		-65.90		57.90		-9.78		1.56
713	3.95		24.73		-87.96		-2.54		-3.05
714	88.48		-5.69		13.62		1.08		7.57
715	78.56		-35.32		72.39		9.68		2.17
716	63.22		-32.81		-93.39		2.29		-6.34
717	1.40		50.63		-18.70		-5.05		-1.90
718	76.91		60.61		-55.18		-0.58		5.39
719	63.07		48.28		98.01		-6.50		2.21
720	63.97		34.32		-64.92		3.51		-3.84
721	36.99		50.83		-68.79		-7.92		-4.28
722	9.42		-31.00		47.75		-5.58		-7.47
723	36.01		65.13		-88.75		7.74		0.20
724	45.74		42.61		73.12		9.69		5.46
725	1.53		-92.88		42.74		-7.63		-5.60
726	24.34		46.90		-85.28		-7.80		-6.52
727	39.83		59.03		31.90		4.48		-5.21
728	5.41		-22.24		-58.06		4.51		-4.49
729	90.92		-9.78		-79.95		9.30		8.69
730	95.50		-64.75		-30.21		5.36		-8.98
731	67.51		53.61		6.49		0.43		3.89
732	48.74		-21.50		-31.77		4.90		-6.83
733	18.10		91.38		16.64		-4.13		5.58
734	79.05		99.58		-33.01		4.00		7.19
735	56.09		71.12		-26.97		1.16		-8.44
736	81.02		24.23		-13.33		-6.16		-9.31
737	76.44		56.54		69.56		-5.94		-4.54
738	75.94		96.75		77.42		3.74		3.14
739	23.12		84.01		-75.73		-0.22		1.38
740	26.98		-23.06		45.32		-9.87		5.03
741	58.41		29.93		-72.65		0.89		-2.98
742	68.05		-83.16		32.16		0.09		6.70
743	68.79		74.58		44.18		-8.85		4.59
744	77.88		22.43		96.30		-8.96		-1.76
745	52.28		44.66		63.87		-8.62		-1.63
746	64.93		-34.32		95.92		-6.22		-1.82
747	49.00		-81.89		-79.63		-0.92		-5.92
748	97.56		-87.24		16.67		0.40		2.59
749	71.68		7.36		79.23		-8.09		-6.58
750	69.79		91.20		-90.16		5.76		2.62
751	77.95		95.18		-61.01		-6.12		-9.06
752	9.05		-60.14		-2.79		8.52		1.53
753	75.27		19.09		54.13		-4.61		2.63
754	40.40		23.34		-49.71		-7.13		9.92
755	24.24		-43.53		-14.91		-6.25		6.52
756	61.82		-55.40		-98.58		-8.50		-9.16
757	66.93		3.71		-95.67		6.05		-3.71
758	14.21		-0.95		-68.41		4.57		0.61
759	64.76		55.87		71.74		-4.88		-1.29
760	37.91		-44.02		-19.37		-9.83		0.11
761	49.78		73.38		-32.04		1.88		5.79
762	30.84		-31.45		-26.66		-6.66		2.57
763	36.81		-99.32		70.63		-6.77		-5.49
764	10.83		-41.54		73.59		4.74		3.60
765	27.15		90.25		-0.19		-6.59		5.23
766	97.18		44.71		8.97		3.58		0.49
767	87.78		-89.77		-41.97		3.17		2.93
768	14.14		78.59		-93.31		-8.34		-2.64
769	45.27		23.12		34.74		0.20		-6.68
770	5.65		-7.35		-83.76		-2.94		6.62
771	87.07		29.13		-15.16		9.78		7.50
772	24.24		-26.80		-56.64		6.54		9.81
773	47.31		-43.34		-89.28		-2.55		3.25
774	18.27		28.92		-32.93		2.30		7.68
775	17.59		32.48		16.31		8.35		2.91
776	22.42		-94.73		-26.56		1.74		-2.92
777	45.74		2.78		-12.13		1.02		-7.65
778	55.67		40.92		43.83		-7.73		2.77
779	65.75		-73.58		-30.49		-1.10		5.70
780	13.27		-45.27		-36.07		-2.08		-3.71
781	21.67		29.83		-47.47		8.40		6.72
782	83.68		43.46		83.06		1.36		-0.55
783	78.67		61.60		-68.39		1.88		4.44
784	72.35		70.57		64.13		1.79		1.62
785	77.41		97.65		72.97		4.04		5.83
786	50.82		-93.67		-70.94		3.99		5.01
787	58.85		-85.54		-11.47		-1.52		5.81
788	36.52		10.15		-99.11		2.76		-1.87
789	11.91		-56.95		37.20		-9.66		3.83
790	70.27		-3.05		78.24		1.99		-4.71
791	71.33		-16.45		-43.81		6.14		6.65
792	81.24		-21.60		9.32		-8.12		4.80
793	56.82		58.53		-67.30		6.79		-4.70
794	20.21		94.60		67.38		4.14		-1.17
795	70.14		-98.46		-10.12		-5.66		9.32
796	12.23		-34.47		-10.35		3.29		9.92
797	97.71		-12.10		36.75		0.11		-2.16
798	51.58		-82.80		-97.15		-1.84		8.42
799	31.98		-0.85		-89.09		8.34		-0.46
800	36.57		51.99		-20.67		-3.57		-0.93
801	67.58		58.84		19.27		-9.89		1.37
802	22.90		77.16		62.12		8.62		0.82
803	59.43		-45.25		82.99		9.98		3.36
804	91.69		41.59		-85.40		6.58		4.20
805	98.36		-59.12		47.35		-6.44		-8.46
806	81.34		22.15		33.58		6.36		2.53
807	94.85		-74.62		-22.14		-8.99		6.22
808	76.50		-40.98		-65.49		3.27		-4.10
809	20.34		-45.04		-38.27		1.77		1.74
810	98.05		-8.76		15.36		-3.85		6.51
811	38.29		99.20		-85.62		9.46		0.78
812	95.55		9.91		-79.82		5.64		8.50
813	25.48		-47.94		94.12		3.74		-2.61
814	31.44		-77.51		30.38		9.02		3.12
815	83.24		-6.05		93.76		-2.95		5.62
816	93.57		21.07		-8.36		2.98		-4.74
817	27.91		-39.04		66.55		-0.70		3.08
818	37.76		-13.54		-7.93		8.61		0.91
819	79.68		-64.21		35.48		4.22		-8.62
820	68.53		-17.59		5.93		-1.47		0.47
821	81.49		91.21		-38.64		-3.89		5.45
822	52.60		-53.95		-98.57		-8.03		-6.93
823	13.99		-76.10		-8.51		-1.81		-5.22
824	95.09		-83.89		-98.33		-0.76		5.96
825	77.20		67.59		57.83		-6.71		5.69
826	85.49		-73.84		-65.32		-1.74		-4.30
827	21.00		69.77		-77.65		-9.51		-7.22
828	18.19		50.80		-9.24		-2.17		1.01
829	89.28		-85.48		33.57		3.81		-2.96
830	66.65		-70.23		19.52		8.82		5.99
831	8.93		-73.97		82.32		9.12		2.72
832	12.50		32.80		-24.61		-0.12		-4.50
833	57.48		45.13		10.33		3.21		-7.16
834	12.49		-72.43		44.37		-6.65		0.37
835	91.34		-48.56		-36.80		5.69		-5.70
836	56.06		-42.51		-77.98		1.67		3.04
837	86.28		-11.92		-26.67		-5.66		7.43
838	36.81		-96.60		11.33		0.30		-7.77
839	85.96		-28.34		41.86		-0.77		-7.31
840	54.59		96.39		-96.15		2.84		-1.48
841	69.64		94.35		40.25		0.35		-7.10
842	37.92		-14.53		57.24		-3.43		7.02
843	89.14		45.94		-58.29		5.37		-0.98
844	3.11		-57.52		16.85		-7.27		-9.32
845	46.82		-30.56		52.46		-9.18		-8.11
846	17.42		-63.46		35.85		4.56		-7.43
847	83.22		66.77		99.07		-2.39		9.59
848	4.97		4.21		-87.66		0.95		8.03
849	41.45		-20.69		-38.55		9.22		1.26
850	28.87		-84.68		67.90		2.63		-1.87
851	7.54		-64.43		-5.52		-0.61		-6.97
852	92.69		-95.48		76.82		8.39		-1.44
853	76.27		51.33		56.86		9.14		7.90
854	75.79		-63.49		-9.41		-8.92		2.77
855	5.18		-19.59		34.17		-3.78		5.83
856	23.65		-44.50		-8.92		-8.06		-3.25
857	4.65		74.92		88.97		-4.14		-9.73
858	66.18		-46.86		51.05		8.52		-6.44
859	29.62		-0.87		-54.01		2.37		0.18
860	37.49		-5.92		61.40		2.45		5.57
861	89.79		-20.72		36.35		-1.36		-3.13
862	34.31		-59.94		81.04		-4.80		-8.70
863	85.04		80.26		-7.39		-9.55		-2.02
864	34.66		56.91		30.18		8.05		9.77
865	86.82		46.71		65.75		-4.40		5.96
866	14.55		-25.23		-19.30		-4.49		6.11
867	63.12		55.33		7.89		0.62		6.16
868	11.59		87.18		-37.09		9.65		8.10
869	83.56		18.09		-67.73		6.85		-8.26
870	10.35		-29.80		-37.84		-8.11		-8.89
871	62.00		99.34		48.55		-5.23		7.76
872	51.48		-88.47		-16.93		5.49		3.99
873	7.59		-34.81		-73.16		2.77		3.65
874	21.89		2.36		40.62		4.39		3.87
875	99.40		-82.73		-56.69		5.51		5.26
876	67.63		-56.23		20.10		-1.97		1.46
877	62.20		-83.28		1.97		-3.05		-6.95
878	54.19		98.36		-94.18		-3.72		-8.94
879	57.25		-63.54		-59.52		-6.46		-5.47
880	6.20		3.99		-3.45		-0.44		-5.83
881	35.86		82.29		-59.25		7.64		-0.79
882	80.32		13.77		3.79		-3.22		-3.81
883	84.36		15.84		-96.38		2.37		4.32
884	25.81		88.47		23.29		0.58		4.02
885	35.62		95.84		-45.37		5.48		8.66
886	8.08		17.41		73.56		3.90		-7.75
887	90.21		-83.53		15.88		-8.52		8.40
888	91.97		37.28		83.05		8.14		2.27
889	91.85		-31.19		-67.11		2.63		-7.35
890	83.01		-32.68		-88.92		4.22		3.17
891	96.58		60.26		-49.19		4.75		6.65
892	48.65		-26.88		-58.55		-0.56		-6.35
893	53.08		-15.13		39.91		-6.26		0.71
894	15.24		-82.63		-21.23		8.94		-7.27
895	50.26		71.34		-92.69		-8.35		7.65
896	38.31		-10.34		45.28		-7.60		7.93
897	6.46		-8.18		-46.70		2.81		0.66
898	58.72		-56.20		-94.64		5.11		-0.36
899	24.53		-96.36		6.12		-8.18		-5.05
900	3.18		-50.85		-92.09		-3.39		-4.95
901	86.58		-64.66		91.35		0.91		-3.16
902	65.12		5.34		37.82		6.38		-5.29
903	19.98		56.25		-95.31		-7.97		8.88
904	44.15		-99.01		-84.02		8.03		9.78
905	3.35		-12.24		18.81		6.07		-9.89
906	75.63		-92.49		-15.58		3.02		-6.11
907	95.21		-19.10		49.24		2.85		5.98
908	47.82		-4.86		-70.93		3.22		-8.93
909	20.20		-57.29		-40.75		-6.97		1.50
910	45.83		37.22		-30.37		-4.86		3.55
911	65.97		33.60		75.12		6.44		0.28
912	81.34		-65.17		-44.43		4.94		-8.20
913	64.75		48.51		-76.80		-6.10		2.82
914	25.78		-38.04		22.73		2.99		3.86
915	76.28		-96.10		20.77		-1.50		1.01
916	56.08		10.56		-39.96		9.21		0.41
917	89.49		2.50		36.72		-8.79		-9.83
918	30.56		-37.36		-73.51		0.61		2.96
919	51.55		-54.47		-23.34		-2.73		3.08
920	48.92		13.11		-21.51		1.22		-4.44
921	83.71		-95.67		-28.93		-5.49		4.26
922	99.22		-50.37		13.27		1.01		-2.21
923	87.12		-77.85		17.80		-3.86		5.25
924	15.75		19.05		-20.76		-0.20		-4.24
925	93.81		-71.31		74.94		8.48		5.24
926	58.75		-75.37		2.22		-4.12		-1.51
927	83.42		48.33		-22.05		-9.99		-2.09
928	98.18		-33.29		-46.50		-2.19		-3.57
929	68.77		-82.82		-28.67		-4.94		-2.23
930	77.74		3.07		-39.24		1.48		3.73
931	64.68		-19.69		-63.63		-1.18		-8.86
932	14.32		-52.28		84.64		-4.00		-7.47
933	3.33		1.02		-90.73		9.38		-0.38
934	94.81		-90.75		89.91		0.41		-1.67
935	53.47		87.80		59.12		-7.60		-9.26
936	71.31		71.67		-50.71		9.47		9.78
937	21.11		-1.65		30.64		-0.75		-0.91
938	76.30		-63.29		64.47		2.94		3.46
939	45.53		-53.45		48.10		0.18		-3.73
940	3.36		-85.51		43.34		9.96		-8.21
941	25.64		-35.06		63.44		2.40		-2.43
942	96.10		74.22		55.24		0.73		-8.70
943	51.63		39.08		-38.55		-2.47		-0.68
944	25.04		25.08		50.69		4.96		-3.30
945	43.85		-67.36		61.00		2.62		8.05
946	26.22		17.87		-29.18		4.79		5.32
947	58.13		83.05		-56.58		4.83		4.78
948	19.42		-53.76		92.50		8.32		5.71
949	29.30		16.38		-73.22		6.13		4.23
950	60.28		60.57		-16.65		-5.54		-7.31
951	38.64		-19.13		47.28		3.83		-2.93
952	82.87		-69.52		-71.18		-9.69		-0.18
953	1.80		2.96		-91.43		-3.55		7.14
954	15.88		-40.98		86.13		-1.83		-6.60
955	49.24		-72.16		-72.93		0.67		4.53
956	60.30		-84.01		-25.42		7.53		-8.27
957	97.25		-9.41		-96.73		8.58		3.68
958	87.02		-12.21		67.99		7.34		6.87
959	39.99		94.52		-55.94		-3.97		6.87
960	36.48		-90.94		-58.71		-2.17		-5.51
961	19.10		76.67		-62.11		-2.87		-9.60
962	56.03		67.09		-16.04		-8.97		-8.53
963	39.56		-99.01		-19.85		2.02		8.83
964	45.40		43.42		-18.80		-3.14		-7.52
965	44.09		38.99		-27.85		-5.70		-0.25
966	53.72		-91.02		-22.27		-8.45		8.22
967	8.69		-61.57		-93.02		-2.21		-4.27
968	18.80		55.11		-36.83		3.22		6.20
969	53.85		-63.05		79.02		-9.60		6.47
970	84.53		-77.53		48.80		-0.42		1.07
971	58.14		-17.35		-90.28		7.46		2.33
972	27.64		71.86		81.70		3.08		5.40
973	20.80		81.40		79.89		8.28		-4.69
974	10.02		-67.69		52.26		9.26		-2.67
975	86.21		51.57		93.94		3.52		-6.55
976	19.76		93.16		-16.38		8.99		-5.49
977	50.16		83.41		18.35		5.55		9.59
978	4.08		32.31		-39.25		7.72		-7.96
979	70.61		-42.75		14.76		0.48		4.47
980	67.45		65.78		67.98		-0.28		-2.72
981	83.34		-14.58		-97.75		-9.79		9.50
982	77.69		-61.02		32.50		5.22		-2.24
983	63.63		-70.52		-89.08		8.76		8.70
984	57.86		46.42		62.55		1.28		-6.59
985	45.21		34.07		-7.85		-2.27		5.53
986	88.07		-91.39		-3.32		8.95		8.48
987	7.10		5.31		-86.87		-9.01		5.65
988	51.56		96.46		-74.46		-7.38		-1.74
989	21.06		99.93		-90.15		-4.32		-8.22
990	46.03		60.02		-24.81		8.20		7.13
991	18.78		-62.98		-99.82		6.14		1.00
992	30.92		-27.79		-74.23		-8.86		3.13
993	70.04		68.65		22.39		-0.32		9.04
994	45.37		9.64		-76.95		-4.39		9.41
995	66.83		23.67		-38.33		-1.89		3.03
996	24.33		14.48		-12.37		4.22		8.28
997	91.91		-69.05		27.27		-3.48		7.51
998	67.02		-6.82		-72.12		5.21		-1.87
999	19.38		97.24		92.79		4.96		-2.62

Execution time for parallel: 0.176559 seconds
Time per simulation step: 0.001766 seconds
Results saved to output_parallel_dataset_2d/bodies_2d_1000.csv
