Read 10 bodies from file dataset/bodies_10.csv

Initial state:
ID	Mass		Pos_X		Pos_Y		Pos_Z		Vel_X		Vel_Y		Vel_Z
-----------------------------------------------------------------------------------------
0	74.30		62.24		95.82		-92.57		-0.24		-1.10		-6.17
1	39.43		77.26		-75.17		24.77		0.20		-9.04		3.90
2	92.33		65.24		37.64		-64.61		0.16		-4.59		-6.98
3	48.01		68.54		99.81		-15.57		-1.35		1.06		1.38
4	91.48		-92.43		-78.43		-57.37		-8.02		6.03		3.66
5	21.53		23.76		-97.21		-92.73		4.28		-9.18		-3.00
6	95.73		42.39		23.88		-22.90		-8.51		-5.17		-6.82
7	77.65		-84.22		-49.70		39.73		1.07		5.86		7.98
8	22.79		24.31		-59.83		2.66		9.66		1.19		-8.47
9	49.79		22.33		40.44		90.32		4.00		-2.18		-7.38

Step 0:
ID	Mass		Pos_X		Pos_Y		Pos_Z		Vel_X		Vel_Y		Vel_Z
-----------------------------------------------------------------------------------------
0	74.30		62.23		95.81		-92.64		-0.24		-1.10		-6.17
1	39.43		77.26		-75.26		24.81		0.20		-9.04		3.90
2	92.33		65.25		37.59		-64.68		0.16		-4.59		-6.98
3	48.01		68.53		99.82		-15.56		-1.35		1.06		1.38
4	91.48		-92.51		-78.37		-57.33		-8.02		6.03		3.66
5	21.53		23.80		-97.30		-92.76		4.28		-9.18		-3.00
6	95.73		42.30		23.82		-22.97		-8.51		-5.17		-6.82
7	77.65		-84.21		-49.64		39.81		1.07		5.86		7.98
8	22.79		24.40		-59.81		2.58		9.66		1.19		-8.47
9	49.79		22.37		40.42		90.25		4.00		-2.18		-7.38

Step 20:
ID	Mass		Pos_X		Pos_Y		Pos_Z		Vel_X		Vel_Y		Vel_Z
-----------------------------------------------------------------------------------------
0	74.30		62.19		95.59		-93.87		-0.24		-1.10		-6.17
1	39.43		77.30		-77.07		25.59		0.20		-9.04		3.90
2	92.33		65.28		36.67		-66.07		0.16		-4.59		-6.98
3	48.01		68.26		100.03		-15.28		-1.35		1.06		1.38
4	91.48		-94.12		-77.16		-56.60		-8.02		6.03		3.66
5	21.53		24.66		-99.14		-93.36		4.28		-9.18		-3.00
6	95.73		40.60		22.79		-24.33		-8.51		-5.17		-6.82
7	77.65		-84.00		-48.47		41.41		1.07		5.86		7.98
8	22.79		26.34		-59.58		0.88		9.66		1.19		-8.47
9	49.79		23.17		39.98		88.78		4.00		-2.18		-7.38

Step 40:
ID	Mass		Pos_X		Pos_Y		Pos_Z		Vel_X		Vel_Y		Vel_Z
-----------------------------------------------------------------------------------------
0	74.30		62.14		95.37		-95.10		-0.24		-1.10		-6.17
1	39.43		77.34		-78.88		26.37		0.20		-9.04		3.90
2	92.33		65.31		35.76		-67.47		0.16		-4.59		-6.98
3	48.01		67.99		100.25		-15.01		-1.35		1.06		1.38
4	91.48		-95.72		-75.95		-55.87		-8.02		6.03		3.66
5	21.53		25.51		-100.98		-93.96		4.28		-9.18		-3.00
6	95.73		38.90		21.75		-25.69		-8.51		-5.17		-6.82
7	77.65		-83.78		-47.30		43.01		1.07		5.86		7.98
8	22.79		28.27		-59.34		-0.81		9.66		1.19		-8.47
9	49.79		23.97		39.55		87.30		4.00		-2.18		-7.38

Step 60:
ID	Mass		Pos_X		Pos_Y		Pos_Z		Vel_X		Vel_Y		Vel_Z
-----------------------------------------------------------------------------------------
0	74.30		62.09		95.14		-96.34		-0.24		-1.10		-6.17
1	39.43		77.39		-80.68		27.15		0.20		-9.04		3.90
2	92.33		65.34		34.84		-68.87		0.16		-4.59		-6.98
3	48.01		67.72		100.46		-14.73		-1.35		1.06		1.38
4	91.48		-97.33		-74.75		-55.14		-8.02		6.03		3.66
5	21.53		26.37		-102.81		-94.56		4.28		-9.18		-3.00
6	95.73		37.20		20.72		-27.06		-8.51		-5.17		-6.82
7	77.65		-83.57		-46.13		44.61		1.07		5.86		7.98
8	22.79		30.20		-59.10		-2.51		9.66		1.19		-8.47
9	49.79		24.77		39.11		85.82		4.00		-2.18		-7.38

Step 80:
ID	Mass		Pos_X		Pos_Y		Pos_Z		Vel_X		Vel_Y		Vel_Z
-----------------------------------------------------------------------------------------
0	74.30		62.04		94.92		-97.57		-0.24		-1.10		-6.17
1	39.43		77.43		-82.49		27.93		0.20		-9.04		3.90
2	92.33		65.38		33.92		-70.26		0.16		-4.59		-6.98
3	48.01		67.45		100.67		-14.45		-1.35		1.06		1.38
4	91.48		-98.93		-73.54		-54.40		-8.02		6.03		3.66
5	21.53		27.22		-104.65		-95.16		4.28		-9.18		-3.00
6	95.73		35.50		19.68		-28.42		-8.51		-5.17		-6.82
7	77.65		-83.35		-44.95		46.20		1.07		5.86		7.98
8	22.79		32.13		-58.86		-4.20		9.66		1.19		-8.47
9	49.79		25.57		38.68		84.35		4.00		-2.18		-7.38

Execution time for sequential: 0.000059 seconds
Time to calculate forces per step: 0.000001 seconds
Results saved in output_dataset/bodies_10.csv
